This is pdfTeX, Version 3.141592653-2.6-1.40.22 (TeX Live 2021/Arch Linux) (preloaded format=pdflatex 2021.11.24)  12 DEC 2021 12:51
entering extended mode
 restricted \write18 enabled.
 %&-line parsing enabled.
**main
(./main.tex
LaTeX2e <2020-10-01> patch level 4
L3 programming layer <2021-02-18>
(/usr/share/texmf-dist/tex/latex/beamer/beamer.cls
Document Class: beamer 2021/03/19 v3.62 A class for typesetting presentations
(/usr/share/texmf-dist/tex/latex/beamer/beamerbasemodes.sty
(/usr/share/texmf-dist/tex/latex/etoolbox/etoolbox.sty
Package: etoolbox 2020/10/05 v2.5k e-TeX tools for LaTeX (JAW)
\etb@tempcnta=\count179
)
\beamer@tempbox=\box47
\beamer@tempcount=\count180
\c@beamerpauses=\count181

(/usr/share/texmf-dist/tex/latex/beamer/beamerbasedecode.sty
\beamer@slideinframe=\count182
\beamer@minimum=\count183
\beamer@decode@box=\box48
)
\beamer@commentbox=\box49
\beamer@modecount=\count184
)
(/usr/share/texmf-dist/tex/generic/iftex/ifpdf.sty
Package: ifpdf 2019/10/25 v3.4 ifpdf legacy package. Use iftex instead.

(/usr/share/texmf-dist/tex/generic/iftex/iftex.sty
Package: iftex 2020/03/06 v1.0d TeX engine tests
))
\headdp=\dimen138
\footheight=\dimen139
\sidebarheight=\dimen140
\beamer@tempdim=\dimen141
\beamer@finalheight=\dimen142
\beamer@animht=\dimen143
\beamer@animdp=\dimen144
\beamer@animwd=\dimen145
\beamer@leftmargin=\dimen146
\beamer@rightmargin=\dimen147
\beamer@leftsidebar=\dimen148
\beamer@rightsidebar=\dimen149
\beamer@boxsize=\dimen150
\beamer@vboxoffset=\dimen151
\beamer@descdefault=\dimen152
\beamer@descriptionwidth=\dimen153
\beamer@lastskip=\skip47
\beamer@areabox=\box50
\beamer@animcurrent=\box51
\beamer@animshowbox=\box52
\beamer@sectionbox=\box53
\beamer@logobox=\box54
\beamer@linebox=\box55
\beamer@sectioncount=\count185
\beamer@subsubsectionmax=\count186
\beamer@subsectionmax=\count187
\beamer@sectionmax=\count188
\beamer@totalheads=\count189
\beamer@headcounter=\count190
\beamer@partstartpage=\count191
\beamer@sectionstartpage=\count192
\beamer@subsectionstartpage=\count193
\beamer@animationtempa=\count194
\beamer@animationtempb=\count195
\beamer@xpos=\count196
\beamer@ypos=\count197
\beamer@ypos@offset=\count198
\beamer@showpartnumber=\count199
\beamer@currentsubsection=\count266
\beamer@coveringdepth=\count267
\beamer@sectionadjust=\count268
\beamer@tocsectionnumber=\count269

(/usr/share/texmf-dist/tex/latex/beamer/beamerbaseoptions.sty
(/usr/share/texmf-dist/tex/latex/graphics/keyval.sty
Package: keyval 2014/10/28 v1.15 key=value parser (DPC)
\KV@toks@=\toks15
))
\beamer@paperwidth=\skip48
\beamer@paperheight=\skip49

(/usr/share/texmf-dist/tex/latex/geometry/geometry.sty
Package: geometry 2020/01/02 v5.9 Page Geometry

(/usr/share/texmf-dist/tex/generic/iftex/ifvtex.sty
Package: ifvtex 2019/10/25 v1.7 ifvtex legacy package. Use iftex instead.
)
\Gm@cnth=\count270
\Gm@cntv=\count271
\c@Gm@tempcnt=\count272
\Gm@bindingoffset=\dimen154
\Gm@wd@mp=\dimen155
\Gm@odd@mp=\dimen156
\Gm@even@mp=\dimen157
\Gm@layoutwidth=\dimen158
\Gm@layoutheight=\dimen159
\Gm@layouthoffset=\dimen160
\Gm@layoutvoffset=\dimen161
\Gm@dimlist=\toks16
)
(/usr/share/texmf-dist/tex/latex/base/size11.clo
File: size11.clo 2020/04/10 v1.4m Standard LaTeX file (size option)
)
(/usr/share/texmf-dist/tex/latex/pgf/basiclayer/pgfcore.sty
(/usr/share/texmf-dist/tex/latex/graphics/graphicx.sty
Package: graphicx 2020/09/09 v1.2b Enhanced LaTeX Graphics (DPC,SPQR)

(/usr/share/texmf-dist/tex/latex/graphics/graphics.sty
Package: graphics 2020/08/30 v1.4c Standard LaTeX Graphics (DPC,SPQR)

(/usr/share/texmf-dist/tex/latex/graphics/trig.sty
Package: trig 2016/01/03 v1.10 sin cos tan (DPC)
)
(/usr/share/texmf-dist/tex/latex/graphics-cfg/graphics.cfg
File: graphics.cfg 2016/06/04 v1.11 sample graphics configuration
)
Package graphics Info: Driver file: pdftex.def on input line 105.

(/usr/share/texmf-dist/tex/latex/graphics-def/pdftex.def
File: pdftex.def 2020/10/05 v1.2a Graphics/color driver for pdftex
))
\Gin@req@height=\dimen162
\Gin@req@width=\dimen163
)
(/usr/share/texmf-dist/tex/latex/pgf/systemlayer/pgfsys.sty
(/usr/share/texmf-dist/tex/latex/pgf/utilities/pgfrcs.sty
(/usr/share/texmf-dist/tex/generic/pgf/utilities/pgfutil-common.tex
\pgfutil@everybye=\toks17
\pgfutil@tempdima=\dimen164
\pgfutil@tempdimb=\dimen165

(/usr/share/texmf-dist/tex/generic/pgf/utilities/pgfutil-common-lists.tex))
(/usr/share/texmf-dist/tex/generic/pgf/utilities/pgfutil-latex.def
\pgfutil@abb=\box56
)
(/usr/share/texmf-dist/tex/generic/pgf/utilities/pgfrcs.code.tex
(/usr/share/texmf-dist/tex/generic/pgf/pgf.revision.tex)
Package: pgfrcs 2020/12/27 v3.1.8b (3.1.8b)
))
(/usr/share/texmf-dist/tex/generic/pgf/systemlayer/pgfsys.code.tex
Package: pgfsys 2020/12/27 v3.1.8b (3.1.8b)

(/usr/share/texmf-dist/tex/generic/pgf/utilities/pgfkeys.code.tex
\pgfkeys@pathtoks=\toks18
\pgfkeys@temptoks=\toks19

(/usr/share/texmf-dist/tex/generic/pgf/utilities/pgfkeysfiltered.code.tex
\pgfkeys@tmptoks=\toks20
))
\pgf@x=\dimen166
\pgf@y=\dimen167
\pgf@xa=\dimen168
\pgf@ya=\dimen169
\pgf@xb=\dimen170
\pgf@yb=\dimen171
\pgf@xc=\dimen172
\pgf@yc=\dimen173
\pgf@xd=\dimen174
\pgf@yd=\dimen175
\w@pgf@writea=\write3
\r@pgf@reada=\read2
\c@pgf@counta=\count273
\c@pgf@countb=\count274
\c@pgf@countc=\count275
\c@pgf@countd=\count276
\t@pgf@toka=\toks21
\t@pgf@tokb=\toks22
\t@pgf@tokc=\toks23
\pgf@sys@id@count=\count277

(/usr/share/texmf-dist/tex/generic/pgf/systemlayer/pgf.cfg
File: pgf.cfg 2020/12/27 v3.1.8b (3.1.8b)
)
Driver file for pgf: pgfsys-pdftex.def

(/usr/share/texmf-dist/tex/generic/pgf/systemlayer/pgfsys-pdftex.def
File: pgfsys-pdftex.def 2020/12/27 v3.1.8b (3.1.8b)

(/usr/share/texmf-dist/tex/generic/pgf/systemlayer/pgfsys-common-pdf.def
File: pgfsys-common-pdf.def 2020/12/27 v3.1.8b (3.1.8b)
)))
(/usr/share/texmf-dist/tex/generic/pgf/systemlayer/pgfsyssoftpath.code.tex
File: pgfsyssoftpath.code.tex 2020/12/27 v3.1.8b (3.1.8b)
\pgfsyssoftpath@smallbuffer@items=\count278
\pgfsyssoftpath@bigbuffer@items=\count279
)
(/usr/share/texmf-dist/tex/generic/pgf/systemlayer/pgfsysprotocol.code.tex
File: pgfsysprotocol.code.tex 2020/12/27 v3.1.8b (3.1.8b)
))
(/usr/share/texmf-dist/tex/latex/xcolor/xcolor.sty
Package: xcolor 2016/05/11 v2.12 LaTeX color extensions (UK)

(/usr/share/texmf-dist/tex/latex/graphics-cfg/color.cfg
File: color.cfg 2016/01/02 v1.6 sample color configuration
)
Package xcolor Info: Driver file: pdftex.def on input line 225.
Package xcolor Info: Model `cmy' substituted by `cmy0' on input line 1348.
Package xcolor Info: Model `hsb' substituted by `rgb' on input line 1352.
Package xcolor Info: Model `RGB' extended on input line 1364.
Package xcolor Info: Model `HTML' substituted by `rgb' on input line 1366.
Package xcolor Info: Model `Hsb' substituted by `hsb' on input line 1367.
Package xcolor Info: Model `tHsb' substituted by `hsb' on input line 1368.
Package xcolor Info: Model `HSB' substituted by `hsb' on input line 1369.
Package xcolor Info: Model `Gray' substituted by `gray' on input line 1370.
Package xcolor Info: Model `wave' substituted by `hsb' on input line 1371.
)
(/usr/share/texmf-dist/tex/generic/pgf/basiclayer/pgfcore.code.tex
Package: pgfcore 2020/12/27 v3.1.8b (3.1.8b)

(/usr/share/texmf-dist/tex/generic/pgf/math/pgfmath.code.tex
(/usr/share/texmf-dist/tex/generic/pgf/math/pgfmathcalc.code.tex
(/usr/share/texmf-dist/tex/generic/pgf/math/pgfmathutil.code.tex)
(/usr/share/texmf-dist/tex/generic/pgf/math/pgfmathparser.code.tex
\pgfmath@dimen=\dimen176
\pgfmath@count=\count280
\pgfmath@box=\box57
\pgfmath@toks=\toks24
\pgfmath@stack@operand=\toks25
\pgfmath@stack@operation=\toks26
)
(/usr/share/texmf-dist/tex/generic/pgf/math/pgfmathfunctions.code.tex
(/usr/share/texmf-dist/tex/generic/pgf/math/pgfmathfunctions.basic.code.tex)
(/usr/share/texmf-dist/tex/generic/pgf/math/pgfmathfunctions.trigonometric.code
.tex)
(/usr/share/texmf-dist/tex/generic/pgf/math/pgfmathfunctions.random.code.tex)
(/usr/share/texmf-dist/tex/generic/pgf/math/pgfmathfunctions.comparison.code.te
x) (/usr/share/texmf-dist/tex/generic/pgf/math/pgfmathfunctions.base.code.tex)
(/usr/share/texmf-dist/tex/generic/pgf/math/pgfmathfunctions.round.code.tex)
(/usr/share/texmf-dist/tex/generic/pgf/math/pgfmathfunctions.misc.code.tex)
(/usr/share/texmf-dist/tex/generic/pgf/math/pgfmathfunctions.integerarithmetics
.code.tex))) (/usr/share/texmf-dist/tex/generic/pgf/math/pgfmathfloat.code.tex
\c@pgfmathroundto@lastzeros=\count281
)) (/usr/share/texmf-dist/tex/generic/pgf/math/pgfint.code.tex)
(/usr/share/texmf-dist/tex/generic/pgf/basiclayer/pgfcorepoints.code.tex
File: pgfcorepoints.code.tex 2020/12/27 v3.1.8b (3.1.8b)
\pgf@picminx=\dimen177
\pgf@picmaxx=\dimen178
\pgf@picminy=\dimen179
\pgf@picmaxy=\dimen180
\pgf@pathminx=\dimen181
\pgf@pathmaxx=\dimen182
\pgf@pathminy=\dimen183
\pgf@pathmaxy=\dimen184
\pgf@xx=\dimen185
\pgf@xy=\dimen186
\pgf@yx=\dimen187
\pgf@yy=\dimen188
\pgf@zx=\dimen189
\pgf@zy=\dimen190
)
(/usr/share/texmf-dist/tex/generic/pgf/basiclayer/pgfcorepathconstruct.code.tex
File: pgfcorepathconstruct.code.tex 2020/12/27 v3.1.8b (3.1.8b)
\pgf@path@lastx=\dimen191
\pgf@path@lasty=\dimen192
) (/usr/share/texmf-dist/tex/generic/pgf/basiclayer/pgfcorepathusage.code.tex
File: pgfcorepathusage.code.tex 2020/12/27 v3.1.8b (3.1.8b)
\pgf@shorten@end@additional=\dimen193
\pgf@shorten@start@additional=\dimen194
)
(/usr/share/texmf-dist/tex/generic/pgf/basiclayer/pgfcorescopes.code.tex
File: pgfcorescopes.code.tex 2020/12/27 v3.1.8b (3.1.8b)
\pgfpic=\box58
\pgf@hbox=\box59
\pgf@layerbox@main=\box60
\pgf@picture@serial@count=\count282
)
(/usr/share/texmf-dist/tex/generic/pgf/basiclayer/pgfcoregraphicstate.code.tex
File: pgfcoregraphicstate.code.tex 2020/12/27 v3.1.8b (3.1.8b)
\pgflinewidth=\dimen195
)
(/usr/share/texmf-dist/tex/generic/pgf/basiclayer/pgfcoretransformations.code.t
ex
File: pgfcoretransformations.code.tex 2020/12/27 v3.1.8b (3.1.8b)
\pgf@pt@x=\dimen196
\pgf@pt@y=\dimen197
\pgf@pt@temp=\dimen198
) (/usr/share/texmf-dist/tex/generic/pgf/basiclayer/pgfcorequick.code.tex
File: pgfcorequick.code.tex 2020/12/27 v3.1.8b (3.1.8b)
)
(/usr/share/texmf-dist/tex/generic/pgf/basiclayer/pgfcoreobjects.code.tex
File: pgfcoreobjects.code.tex 2020/12/27 v3.1.8b (3.1.8b)
)
(/usr/share/texmf-dist/tex/generic/pgf/basiclayer/pgfcorepathprocessing.code.te
x
File: pgfcorepathprocessing.code.tex 2020/12/27 v3.1.8b (3.1.8b)
) (/usr/share/texmf-dist/tex/generic/pgf/basiclayer/pgfcorearrows.code.tex
File: pgfcorearrows.code.tex 2020/12/27 v3.1.8b (3.1.8b)
\pgfarrowsep=\dimen199
)
(/usr/share/texmf-dist/tex/generic/pgf/basiclayer/pgfcoreshade.code.tex
File: pgfcoreshade.code.tex 2020/12/27 v3.1.8b (3.1.8b)
\pgf@max=\dimen256
\pgf@sys@shading@range@num=\count283
\pgf@shadingcount=\count284
)
(/usr/share/texmf-dist/tex/generic/pgf/basiclayer/pgfcoreimage.code.tex
File: pgfcoreimage.code.tex 2020/12/27 v3.1.8b (3.1.8b)

(/usr/share/texmf-dist/tex/generic/pgf/basiclayer/pgfcoreexternal.code.tex
File: pgfcoreexternal.code.tex 2020/12/27 v3.1.8b (3.1.8b)
\pgfexternal@startupbox=\box61
))
(/usr/share/texmf-dist/tex/generic/pgf/basiclayer/pgfcorelayers.code.tex
File: pgfcorelayers.code.tex 2020/12/27 v3.1.8b (3.1.8b)
)
(/usr/share/texmf-dist/tex/generic/pgf/basiclayer/pgfcoretransparency.code.tex
File: pgfcoretransparency.code.tex 2020/12/27 v3.1.8b (3.1.8b)
) (/usr/share/texmf-dist/tex/generic/pgf/basiclayer/pgfcorepatterns.code.tex
File: pgfcorepatterns.code.tex 2020/12/27 v3.1.8b (3.1.8b)
)
(/usr/share/texmf-dist/tex/generic/pgf/basiclayer/pgfcorerdf.code.tex
File: pgfcorerdf.code.tex 2020/12/27 v3.1.8b (3.1.8b)
)))
(/usr/share/texmf-dist/tex/latex/pgf/utilities/xxcolor.sty
Package: xxcolor 2003/10/24 ver 0.1
\XC@nummixins=\count285
\XC@countmixins=\count286
)
(/usr/share/texmf-dist/tex/latex/base/atbegshi-ltx.sty
Package: atbegshi-ltx 2020/08/17 v1.0a Emulation of the original atbegshi packa
ge
with kernel methods
)
(/usr/share/texmf-dist/tex/latex/hyperref/hyperref.sty
Package: hyperref 2021-02-27 v7.00k Hypertext links for LaTeX

(/usr/share/texmf-dist/tex/generic/ltxcmds/ltxcmds.sty
Package: ltxcmds 2020-05-10 v1.25 LaTeX kernel commands for general use (HO)
)
(/usr/share/texmf-dist/tex/generic/pdftexcmds/pdftexcmds.sty
Package: pdftexcmds 2020-06-27 v0.33 Utility functions of pdfTeX for LuaTeX (HO
)

(/usr/share/texmf-dist/tex/generic/infwarerr/infwarerr.sty
Package: infwarerr 2019/12/03 v1.5 Providing info/warning/error messages (HO)
)
Package pdftexcmds Info: \pdf@primitive is available.
Package pdftexcmds Info: \pdf@ifprimitive is available.
Package pdftexcmds Info: \pdfdraftmode found.
)
(/usr/share/texmf-dist/tex/generic/kvsetkeys/kvsetkeys.sty
Package: kvsetkeys 2019/12/15 v1.18 Key value parser (HO)
)
(/usr/share/texmf-dist/tex/generic/kvdefinekeys/kvdefinekeys.sty
Package: kvdefinekeys 2019-12-19 v1.6 Define keys (HO)
)
(/usr/share/texmf-dist/tex/generic/pdfescape/pdfescape.sty
Package: pdfescape 2019/12/09 v1.15 Implements pdfTeX's escape features (HO)
)
(/usr/share/texmf-dist/tex/latex/hycolor/hycolor.sty
Package: hycolor 2020-01-27 v1.10 Color options for hyperref/bookmark (HO)
)
(/usr/share/texmf-dist/tex/latex/letltxmacro/letltxmacro.sty
Package: letltxmacro 2019/12/03 v1.6 Let assignment for LaTeX macros (HO)
)
(/usr/share/texmf-dist/tex/latex/auxhook/auxhook.sty
Package: auxhook 2019-12-17 v1.6 Hooks for auxiliary files (HO)
)
(/usr/share/texmf-dist/tex/latex/kvoptions/kvoptions.sty
Package: kvoptions 2020-10-07 v3.14 Key value format for package options (HO)
)
\@linkdim=\dimen257
\Hy@linkcounter=\count287
\Hy@pagecounter=\count288

(/usr/share/texmf-dist/tex/latex/hyperref/pd1enc.def
File: pd1enc.def 2021-02-27 v7.00k Hyperref: PDFDocEncoding definition (HO)
Now handling font encoding PD1 ...
... no UTF-8 mapping file for font encoding PD1
)
(/usr/share/texmf-dist/tex/latex/hyperref/hyperref-langpatches.def
File: hyperref-langpatches.def 2021-02-27 v7.00k Hyperref: patches for babel la
nguages
)
(/usr/share/texmf-dist/tex/generic/intcalc/intcalc.sty
Package: intcalc 2019/12/15 v1.3 Expandable calculations with integers (HO)
)
(/usr/share/texmf-dist/tex/generic/etexcmds/etexcmds.sty
Package: etexcmds 2019/12/15 v1.7 Avoid name clashes with e-TeX commands (HO)
)
\Hy@SavedSpaceFactor=\count289

(/usr/share/texmf-dist/tex/latex/hyperref/puenc.def
File: puenc.def 2021-02-27 v7.00k Hyperref: PDF Unicode definition (HO)
Now handling font encoding PU ...
... no UTF-8 mapping file for font encoding PU
)
Package hyperref Info: Option `bookmarks' set `true' on input line 4073.
Package hyperref Info: Option `bookmarksopen' set `true' on input line 4073.
Package hyperref Info: Option `implicit' set `false' on input line 4073.
Package hyperref Info: Hyper figures OFF on input line 4192.
Package hyperref Info: Link nesting OFF on input line 4197.
Package hyperref Info: Hyper index ON on input line 4200.
Package hyperref Info: Plain pages OFF on input line 4207.
Package hyperref Info: Backreferencing OFF on input line 4212.
Package hyperref Info: Implicit mode OFF; no redefinition of LaTeX internals.
Package hyperref Info: Bookmarks ON on input line 4445.
\c@Hy@tempcnt=\count290

(/usr/share/texmf-dist/tex/latex/url/url.sty
\Urlmuskip=\muskip16
Package: url 2013/09/16  ver 3.4  Verb mode for urls, etc.
)
LaTeX Info: Redefining \url on input line 4804.
\XeTeXLinkMargin=\dimen258

(/usr/share/texmf-dist/tex/generic/bitset/bitset.sty
Package: bitset 2019/12/09 v1.3 Handle bit-vector datatype (HO)

(/usr/share/texmf-dist/tex/generic/bigintcalc/bigintcalc.sty
Package: bigintcalc 2019/12/15 v1.5 Expandable calculations on big integers (HO
)
))
\Fld@menulength=\count291
\Field@Width=\dimen259
\Fld@charsize=\dimen260
Package hyperref Info: Hyper figures OFF on input line 6075.
Package hyperref Info: Link nesting OFF on input line 6080.
Package hyperref Info: Hyper index ON on input line 6083.
Package hyperref Info: backreferencing OFF on input line 6090.
Package hyperref Info: Link coloring OFF on input line 6095.
Package hyperref Info: Link coloring with OCG OFF on input line 6100.
Package hyperref Info: PDF/A mode OFF on input line 6105.
LaTeX Info: Redefining \ref on input line 6145.
LaTeX Info: Redefining \pageref on input line 6149.
\Hy@abspage=\count292


Package hyperref Message: Stopped early.

)
Package hyperref Info: Driver (autodetected): hpdftex.
 (/usr/share/texmf-dist/tex/latex/hyperref/hpdftex.def
File: hpdftex.def 2021-02-27 v7.00k Hyperref driver for pdfTeX

(/usr/share/texmf-dist/tex/latex/base/atveryend-ltx.sty
Package: atveryend-ltx 2020/08/19 v1.0a Emulation of the original atvery packag
e
with kernel methods
)
\Fld@listcount=\count293
\c@bookmark@seq@number=\count294

(/usr/share/texmf-dist/tex/latex/rerunfilecheck/rerunfilecheck.sty
Package: rerunfilecheck 2019/12/05 v1.9 Rerun checks for auxiliary files (HO)

(/usr/share/texmf-dist/tex/generic/uniquecounter/uniquecounter.sty
Package: uniquecounter 2019/12/15 v1.4 Provide unlimited unique counter (HO)
)
Package uniquecounter Info: New unique counter `rerunfilecheck' on input line 2
86.
))
(/usr/share/texmf-dist/tex/latex/beamer/beamerbaserequires.sty
(/usr/share/texmf-dist/tex/latex/beamer/beamerbasecompatibility.sty)
(/usr/share/texmf-dist/tex/latex/beamer/beamerbasefont.sty
(/usr/share/texmf-dist/tex/latex/amsfonts/amssymb.sty
Package: amssymb 2013/01/14 v3.01 AMS font symbols

(/usr/share/texmf-dist/tex/latex/amsfonts/amsfonts.sty
Package: amsfonts 2013/01/14 v3.01 Basic AMSFonts support
\@emptytoks=\toks27
\symAMSa=\mathgroup4
\symAMSb=\mathgroup5
LaTeX Font Info:    Redeclaring math symbol \hbar on input line 98.
LaTeX Font Info:    Overwriting math alphabet `\mathfrak' in version `bold'
(Font)                  U/euf/m/n --> U/euf/b/n on input line 106.
))
(/usr/share/texmf-dist/tex/latex/sansmathaccent/sansmathaccent.sty
Package: sansmathaccent 2020/01/31

(/usr/share/texmf-dist/tex/latex/koma-script/scrlfile.sty
Package: scrlfile 2021/03/17 v3.33 KOMA-Script package (file load hooks)

(/usr/share/texmf-dist/tex/latex/koma-script/scrlfile-hook.sty
Package: scrlfile-hook 2021/03/17 v3.33 KOMA-Script package (using LaTeX hooks)


LaTeX3 Info: Defining command \BeforeFile with sig. 'm' on line 61.


LaTeX3 Info: Defining command \AfterFile with sig. 'm' on line 65.


LaTeX3 Info: Defining command \BeforeClass with sig. 'm' on line 69.


LaTeX3 Info: Defining command \BeforePackage with sig. 'm' on line 73.


LaTeX3 Info: Defining command \AfterAtEndOfClass with sig. 'smo+m' on line 83.


LaTeX3 Info: Defining command \AfterAtEndOfPackage with sig. 'smo+m' on line
(LaTeX3)     93.


LaTeX3 Info: Defining command \scrlfile@AfterClass with sig. 'smo+m' on line
(LaTeX3)     173.


LaTeX3 Info: Defining command \AfterClass with sig. '' on line 174.


LaTeX3 Info: Defining command \scrlfile@AfterPackage with sig. 'smo+m' on line
(LaTeX3)     191.


LaTeX3 Info: Defining command \AfterPackage with sig. '' on line 192.


LaTeX3 Info: Defining command \ReplaceInput with sig. '' on line 193.


LaTeX3 Info: Defining command \ReplaceClass with sig. 'mm' on line 196.


LaTeX3 Info: Defining command \ReplacePackage with sig. 'mm' on line 199.


LaTeX3 Info: Defining command \UnReplaceInput with sig. '' on line 200.


LaTeX3 Info: Defining command \UnReplaceClass with sig. 'm' on line 203.


LaTeX3 Info: Defining command \UnReplacePackage with sig. 'mm' on line 206.


LaTeX3 Info: Defining command \PreventPackageFromLoading with sig. 's+om' on
(LaTeX3)     line 234.


LaTeX3 Info: Defining command \StorePreventPackageFromLoading with sig. 'm' on
(LaTeX3)     line 242.


LaTeX3 Info: Defining command \ResetPreventPackageFromLoading with sig. '' on
(LaTeX3)     line 247.


LaTeX3 Info: Defining command \UnPreventPackageFromLoading with sig. 'sm' on
(LaTeX3)     line 261.


LaTeX3 Info: Defining command \BeforeClosingMainAux with sig. 'om' on line
(LaTeX3)     274.


LaTeX3 Info: Defining command \AfterReadingMainAux with sig. 'om' on line 287.


LaTeX3 Info: Defining command \protected@immediate@write with sig. 'm+m+m' on
(LaTeX3)     line 298.


(/usr/share/texmf-dist/tex/latex/koma-script/scrlogo.sty
Package: scrlogo 2021/03/17 v3.33 KOMA-Script package (logo)
)))))
(/usr/share/texmf-dist/tex/latex/beamer/beamerbasetranslator.sty
(/usr/share/texmf-dist/tex/latex/translator/translator.sty
Package: translator 2020-08-03 v1.12c Easy translation of strings in LaTeX
))
(/usr/share/texmf-dist/tex/latex/beamer/beamerbasemisc.sty)
(/usr/share/texmf-dist/tex/latex/beamer/beamerbasetwoscreens.sty)
(/usr/share/texmf-dist/tex/latex/beamer/beamerbaseoverlay.sty
\beamer@argscount=\count295
\beamer@lastskipcover=\skip50
\beamer@trivlistdepth=\count296
)
(/usr/share/texmf-dist/tex/latex/beamer/beamerbasetitle.sty)
(/usr/share/texmf-dist/tex/latex/beamer/beamerbasesection.sty
\c@lecture=\count297
\c@part=\count298
\c@section=\count299
\c@subsection=\count300
\c@subsubsection=\count301
)
(/usr/share/texmf-dist/tex/latex/beamer/beamerbaseframe.sty
\beamer@framebox=\box62
\beamer@frametitlebox=\box63
\beamer@zoombox=\box64
\beamer@zoomcount=\count302
\beamer@zoomframecount=\count303
\beamer@frametextheight=\dimen261
\c@subsectionslide=\count304
\beamer@frametopskip=\skip51
\beamer@framebottomskip=\skip52
\beamer@frametopskipautobreak=\skip53
\beamer@framebottomskipautobreak=\skip54
\beamer@envbody=\toks28
\framewidth=\dimen262
\c@framenumber=\count305
)
(/usr/share/texmf-dist/tex/latex/beamer/beamerbaseverbatim.sty
\beamer@verbatimfileout=\write4
)
(/usr/share/texmf-dist/tex/latex/beamer/beamerbaseframesize.sty
\beamer@splitbox=\box65
\beamer@autobreakcount=\count306
\beamer@autobreaklastheight=\dimen263
\beamer@frametitletoks=\toks29
\beamer@framesubtitletoks=\toks30
)
(/usr/share/texmf-dist/tex/latex/beamer/beamerbaseframecomponents.sty
\beamer@footins=\box66
)
(/usr/share/texmf-dist/tex/latex/beamer/beamerbasecolor.sty)
(/usr/share/texmf-dist/tex/latex/beamer/beamerbasenotes.sty
\beamer@frameboxcopy=\box67
)
(/usr/share/texmf-dist/tex/latex/beamer/beamerbasetoc.sty)
(/usr/share/texmf-dist/tex/latex/beamer/beamerbasetemplates.sty
\beamer@sbttoks=\toks31

(/usr/share/texmf-dist/tex/latex/beamer/beamerbaseauxtemplates.sty
(/usr/share/texmf-dist/tex/latex/beamer/beamerbaseboxes.sty
\bmb@box=\box68
\bmb@colorbox=\box69
\bmb@boxwidth=\dimen264
\bmb@boxheight=\dimen265
\bmb@prevheight=\dimen266
\bmb@temp=\dimen267
\bmb@dima=\dimen268
\bmb@dimb=\dimen269
\bmb@prevheight=\dimen270
)
\beamer@blockheadheight=\dimen271
))
(/usr/share/texmf-dist/tex/latex/beamer/beamerbaselocalstructure.sty
(/usr/share/texmf-dist/tex/latex/tools/enumerate.sty
Package: enumerate 2015/07/23 v3.00 enumerate extensions (DPC)
\@enLab=\toks32
)
\beamer@bibiconwidth=\skip55
\c@figure=\count307
\c@table=\count308
\abovecaptionskip=\skip56
\belowcaptionskip=\skip57
)
(/usr/share/texmf-dist/tex/latex/beamer/beamerbasenavigation.sty
\beamer@section@min@dim=\dimen272
)
(/usr/share/texmf-dist/tex/latex/beamer/beamerbasetheorems.sty
(/usr/share/texmf-dist/tex/latex/amsmath/amsmath.sty
Package: amsmath 2020/09/23 v2.17i AMS math features
\@mathmargin=\skip58

For additional information on amsmath, use the `?' option.
(/usr/share/texmf-dist/tex/latex/amsmath/amstext.sty
Package: amstext 2000/06/29 v2.01 AMS text

(/usr/share/texmf-dist/tex/latex/amsmath/amsgen.sty
File: amsgen.sty 1999/11/30 v2.0 generic functions
\@emptytoks=\toks33
\ex@=\dimen273
))
(/usr/share/texmf-dist/tex/latex/amsmath/amsbsy.sty
Package: amsbsy 1999/11/29 v1.2d Bold Symbols
\pmbraise@=\dimen274
)
(/usr/share/texmf-dist/tex/latex/amsmath/amsopn.sty
Package: amsopn 2016/03/08 v2.02 operator names
)
\inf@bad=\count309
LaTeX Info: Redefining \frac on input line 234.
\uproot@=\count310
\leftroot@=\count311
LaTeX Info: Redefining \overline on input line 399.
\classnum@=\count312
\DOTSCASE@=\count313
LaTeX Info: Redefining \ldots on input line 496.
LaTeX Info: Redefining \dots on input line 499.
LaTeX Info: Redefining \cdots on input line 620.
\Mathstrutbox@=\box70
\strutbox@=\box71
\big@size=\dimen275
LaTeX Font Info:    Redeclaring font encoding OML on input line 743.
LaTeX Font Info:    Redeclaring font encoding OMS on input line 744.
\macc@depth=\count314
\c@MaxMatrixCols=\count315
\dotsspace@=\muskip17
\c@parentequation=\count316
\dspbrk@lvl=\count317
\tag@help=\toks34
\row@=\count318
\column@=\count319
\maxfields@=\count320
\andhelp@=\toks35
\eqnshift@=\dimen276
\alignsep@=\dimen277
\tagshift@=\dimen278
\tagwidth@=\dimen279
\totwidth@=\dimen280
\lineht@=\dimen281
\@envbody=\toks36
\multlinegap=\skip59
\multlinetaggap=\skip60
\mathdisplay@stack=\toks37
LaTeX Info: Redefining \[ on input line 2923.
LaTeX Info: Redefining \] on input line 2924.
)
(/usr/share/texmf-dist/tex/latex/amscls/amsthm.sty
Package: amsthm 2020/05/29 v2.20.6
\thm@style=\toks38
\thm@bodyfont=\toks39
\thm@headfont=\toks40
\thm@notefont=\toks41
\thm@headpunct=\toks42
\thm@preskip=\skip61
\thm@postskip=\skip62
\thm@headsep=\skip63
\dth@everypar=\toks43
)
\c@theorem=\count321
)
(/usr/share/texmf-dist/tex/latex/beamer/beamerbasethemes.sty))
(/usr/share/texmf-dist/tex/latex/beamer/beamerthemedefault.sty
(/usr/share/texmf-dist/tex/latex/beamer/beamerfontthemedefault.sty)
(/usr/share/texmf-dist/tex/latex/beamer/beamercolorthemedefault.sty)
(/usr/share/texmf-dist/tex/latex/beamer/beamerinnerthemedefault.sty
\beamer@dima=\dimen282
\beamer@dimb=\dimen283
)
(/usr/share/texmf-dist/tex/latex/beamer/beamerouterthemedefault.sty)))
(./beamerthemepolimi.sty
(/usr/share/texmf-dist/tex/latex/pgf/frontendlayer/tikz.sty
(/usr/share/texmf-dist/tex/latex/pgf/basiclayer/pgf.sty
Package: pgf 2020/12/27 v3.1.8b (3.1.8b)

(/usr/share/texmf-dist/tex/generic/pgf/modules/pgfmoduleshapes.code.tex
File: pgfmoduleshapes.code.tex 2020/12/27 v3.1.8b (3.1.8b)
\pgfnodeparttextbox=\box72
)
(/usr/share/texmf-dist/tex/generic/pgf/modules/pgfmoduleplot.code.tex
File: pgfmoduleplot.code.tex 2020/12/27 v3.1.8b (3.1.8b)
)
(/usr/share/texmf-dist/tex/latex/pgf/compatibility/pgfcomp-version-0-65.sty
Package: pgfcomp-version-0-65 2020/12/27 v3.1.8b (3.1.8b)
\pgf@nodesepstart=\dimen284
\pgf@nodesepend=\dimen285
)
(/usr/share/texmf-dist/tex/latex/pgf/compatibility/pgfcomp-version-1-18.sty
Package: pgfcomp-version-1-18 2020/12/27 v3.1.8b (3.1.8b)
))
(/usr/share/texmf-dist/tex/latex/pgf/utilities/pgffor.sty
(/usr/share/texmf-dist/tex/latex/pgf/utilities/pgfkeys.sty
(/usr/share/texmf-dist/tex/generic/pgf/utilities/pgfkeys.code.tex))
(/usr/share/texmf-dist/tex/latex/pgf/math/pgfmath.sty
(/usr/share/texmf-dist/tex/generic/pgf/math/pgfmath.code.tex))
(/usr/share/texmf-dist/tex/generic/pgf/utilities/pgffor.code.tex
Package: pgffor 2020/12/27 v3.1.8b (3.1.8b)

(/usr/share/texmf-dist/tex/generic/pgf/math/pgfmath.code.tex)
\pgffor@iter=\dimen286
\pgffor@skip=\dimen287
\pgffor@stack=\toks44
\pgffor@toks=\toks45
))
(/usr/share/texmf-dist/tex/generic/pgf/frontendlayer/tikz/tikz.code.tex
Package: tikz 2020/12/27 v3.1.8b (3.1.8b)

(/usr/share/texmf-dist/tex/generic/pgf/libraries/pgflibraryplothandlers.code.te
x
File: pgflibraryplothandlers.code.tex 2020/12/27 v3.1.8b (3.1.8b)
\pgf@plot@mark@count=\count322
\pgfplotmarksize=\dimen288
)
\tikz@lastx=\dimen289
\tikz@lasty=\dimen290
\tikz@lastxsaved=\dimen291
\tikz@lastysaved=\dimen292
\tikz@lastmovetox=\dimen293
\tikz@lastmovetoy=\dimen294
\tikzleveldistance=\dimen295
\tikzsiblingdistance=\dimen296
\tikz@figbox=\box73
\tikz@figbox@bg=\box74
\tikz@tempbox=\box75
\tikz@tempbox@bg=\box76
\tikztreelevel=\count323
\tikznumberofchildren=\count324
\tikznumberofcurrentchild=\count325
\tikz@fig@count=\count326
 (/usr/share/texmf-dist/tex/generic/pgf/modules/pgfmodulematrix.code.tex
File: pgfmodulematrix.code.tex 2020/12/27 v3.1.8b (3.1.8b)
\pgfmatrixcurrentrow=\count327
\pgfmatrixcurrentcolumn=\count328
\pgf@matrix@numberofcolumns=\count329
)
\tikz@expandcount=\count330

(/usr/share/texmf-dist/tex/generic/pgf/frontendlayer/tikz/libraries/tikzlibrary
topaths.code.tex
File: tikzlibrarytopaths.code.tex 2020/12/27 v3.1.8b (3.1.8b)
)))
(/usr/share/texmf-dist/tex/generic/pgf/frontendlayer/tikz/libraries/tikzlibrary
calc.code.tex
File: tikzlibrarycalc.code.tex 2020/12/27 v3.1.8b (3.1.8b)
) (./beamerinnerthemepolimi.sty) (./beamerouterthemepolimi.sty
\xshift=\skip64
)
(./beamercolorthemepolimi.sty))
(/usr/share/texmf-dist/tex/latex/base/inputenc.sty
Package: inputenc 2020/08/01 v1.3d Input encoding file
\inpenc@prehook=\toks46
\inpenc@posthook=\toks47
)
(/usr/share/texmf-dist/tex/latex/doublestroke/dsfont.sty
Package: dsfont 1995/08/01 v0.1 Double stroke roman fonts
)
(/usr/share/texmf-dist/tex/latex/mwe/mwe.sty
Package: mwe 2018/03/30 v0.5 Package to support minimal working examples (MWE)

(/usr/share/texmf-dist/tex/latex/lipsum/lipsum.sty
(/usr/share/texmf-dist/tex/latex/l3kernel/expl3.sty
Package: expl3 2021-02-18 L3 programming layer (loader) 

(/usr/share/texmf-dist/tex/latex/l3backend/l3backend-pdftex.def
File: l3backend-pdftex.def 2021-03-18 L3 backend support: PDF output (pdfTeX)
\l__color_backend_stack_int=\count331
\l__pdf_internal_box=\box77
))
(/usr/share/texmf-dist/tex/latex/l3packages/xparse/xparse.sty
(/usr/share/texmf-dist/tex/latex/l3packages/xparse/xparse-2020-10-01.sty
(/usr/share/texmf-dist/tex/latex/l3packages/xparse/xparse-generic.tex)))
Package: lipsum 2021-03-03 v2.3 150 paragraphs of Lorem Ipsum dummy text

(/usr/share/texmf-dist/tex/latex/lipsum/lipsum.ltd.tex
File: lipsum.ltd.tex 2021-03-03 v2.3 The Lorem ipsum dummy text
))
(/usr/share/texmf-dist/tex/latex/blindtext/blindtext.sty
Package: blindtext 2012/01/06 V2.0 blindtext-Package

(/usr/share/texmf-dist/tex/latex/tools/xspace.sty
Package: xspace 2014/10/28 v1.13 Space after command names (DPC,MH)
)
\c@blindtext=\count332
\c@Blindtext=\count333
\c@blind@countparstart=\count334
\blind@countxx=\count335
\blindtext@numBlindtext=\count336
\blind@countyy=\count337
\c@blindlist=\count338
\c@blindlistlevel=\count339
\c@blindlist@level=\count340
\blind@listitem=\count341
\c@blind@listcount=\count342
\c@blind@levelcount=\count343
\blind@mathformula=\count344
\blind@Mathformula=\count345
\c@blind@randomcount=\count346
\c@blind@randommax=\count347
\c@blind@pangramcount=\count348
\c@blind@pangrammax=\count349
))
(/usr/share/texmf-dist/tex/latex/algorithm2e/algorithm2e.sty
Package: algorithm2e 2017/07/18 v5.2 algorithms environments
\c@AlgoLine=\count350

(/usr/share/texmf-dist/tex/latex/base/ifthen.sty
Package: ifthen 2014/09/29 v1.1c Standard LaTeX ifthen package (DPC)
)
\algocf@hangindent=\skip65

(/usr/share/texmf-dist/tex/latex/ifoddpage/ifoddpage.sty
Package: ifoddpage 2016/04/23 v1.1 Conditionals for odd/even page detection
\c@checkoddpage=\count351
)
(/usr/share/texmf-dist/tex/latex/relsize/relsize.sty
Package: relsize 2013/03/29 ver 4.1
)
\skiptotal=\skip66
\skiplinenumber=\skip67
\skiprule=\skip68
\skiphlne=\skip69
\skiptext=\skip70
\skiplength=\skip71
\algomargin=\skip72
\skipalgocfslide=\skip73
\algowidth=\dimen297
\inoutsize=\dimen298
\inoutindent=\dimen299
\interspacetitleruled=\dimen300
\interspacealgoruled=\dimen301
\interspacetitleboxruled=\dimen302
\algocf@ruledwidth=\skip74
\algocf@inoutbox=\box78
\algocf@inputbox=\box79
\AlCapSkip=\skip75
\AlCapHSkip=\skip76
\algoskipindent=\skip77
\algocf@nlbox=\box80
\algocf@hangingbox=\box81
\algocf@untilbox=\box82
\algocf@skipuntil=\skip78
\algocf@capbox=\box83
\algocf@lcaptionbox=\skip79
\algoheightruledefault=\skip80
\algoheightrule=\skip81
\algotitleheightruledefault=\skip82
\algotitleheightrule=\skip83
\c@algocfline=\count352
\c@algocfproc=\count353
\c@algocf=\count354
\algocf@algoframe=\box84
\algocf@algobox=\box85
)
(/usr/share/texmf-dist/tex/latex/mathtools/mathtools.sty
Package: mathtools 2021/03/18 v1.25 mathematical typesetting tools

(/usr/share/texmf-dist/tex/latex/tools/calc.sty
Package: calc 2017/05/25 v4.3 Infix arithmetic (KKT,FJ)
\calc@Acount=\count355
\calc@Bcount=\count356
\calc@Adimen=\dimen303
\calc@Bdimen=\dimen304
\calc@Askip=\skip84
\calc@Bskip=\skip85
LaTeX Info: Redefining \setlength on input line 80.
LaTeX Info: Redefining \addtolength on input line 81.
\calc@Ccount=\count357
\calc@Cskip=\skip86
)
(/usr/share/texmf-dist/tex/latex/mathtools/mhsetup.sty
Package: mhsetup 2021/03/18 v1.4 programming setup (MH)
)
LaTeX Info: Thecontrolsequence`\('isalreadyrobust on input line 130.
LaTeX Info: Thecontrolsequence`\)'isalreadyrobust on input line 130.
LaTeX Info: Thecontrolsequence`\['isalreadyrobust on input line 130.
LaTeX Info: Thecontrolsequence`\]'isalreadyrobust on input line 130.
\g_MT_multlinerow_int=\count358
\l_MT_multwidth_dim=\dimen305
\origjot=\skip87
\l_MT_shortvdotswithinadjustabove_dim=\dimen306
\l_MT_shortvdotswithinadjustbelow_dim=\dimen307
\l_MT_above_intertext_sep=\dimen308
\l_MT_below_intertext_sep=\dimen309
\l_MT_above_shortintertext_sep=\dimen310
\l_MT_below_shortintertext_sep=\dimen311
\xmathstrut@box=\box86
\xmathstrut@dim=\dimen312
)
(/usr/share/texmf-dist/tex/latex/pgfplots/tex/pgfplots.sty
(/usr/share/texmf-dist/tex/latex/pgfplots/tex/pgfplots.revision.tex)
Package: pgfplots 2021/05/15 v1.18.1 Data Visualization (1.18.1)

(/usr/share/texmf-dist/tex/latex/pgfplots/tex/pgfplots.code.tex
(/usr/share/texmf-dist/tex/latex/pgfplots/tex/pgfplotscore.code.tex
\t@pgfplots@toka=\toks48
\t@pgfplots@tokb=\toks49
\t@pgfplots@tokc=\toks50
\pgfplots@tmpa=\dimen313
\c@pgfplots@coordindex=\count359
\c@pgfplots@scanlineindex=\count360

(/usr/share/texmf-dist/tex/latex/pgfplots/tex/pgfplotssysgeneric.code.tex))
(/usr/share/texmf-dist/tex/latex/pgfplots/tex/pgfplotslibrary.code.tex)
(/usr/share/texmf-dist/tex/latex/pgfplots/tex/pgfplotsoldpgfsupp_loader.code.te
x (/usr/share/texmf-dist/tex/generic/pgf/libraries/pgflibraryfpu.code.tex))
(/usr/share/texmf-dist/tex/latex/pgfplots/tex/pgfplotsutil.code.tex
(/usr/share/texmf-dist/tex/latex/pgfplots/tex/pgfplotsliststructure.code.tex)
(/usr/share/texmf-dist/tex/latex/pgfplots/tex/pgfplotsliststructureext.code.tex
) (/usr/share/texmf-dist/tex/latex/pgfplots/tex/pgfplotsarray.code.tex
\c@pgfplotsarray@tmp=\count361
)
(/usr/share/texmf-dist/tex/latex/pgfplots/tex/pgfplotsmatrix.code.tex)
(/usr/share/texmf-dist/tex/latex/pgfplots/tex/pgfplotstableshared.code.tex
\c@pgfplotstable@counta=\count362
\t@pgfplotstable@a=\toks51
)
(/usr/share/texmf-dist/tex/latex/pgfplots/tex/pgfplotsdeque.code.tex)
(/usr/share/texmf-dist/tex/latex/pgfplots/tex/pgfplotsbinary.code.tex
(/usr/share/texmf-dist/tex/latex/pgfplots/tex/pgfplotsbinary.data.code.tex))
(/usr/share/texmf-dist/tex/latex/pgfplots/tex/pgfplotsutil.verb.code.tex)
(/usr/share/texmf-dist/tex/latex/pgfplots/tex/pgflibrarypgfplots.surfshading.co
de.tex
\c@pgfplotslibrarysurf@no=\count363

(/usr/share/texmf-dist/tex/latex/pgfplots/tex/pgflibrarypgfplots.surfshading.pg
fsys-pdftex.def)))
(/usr/share/texmf-dist/tex/latex/pgfplots/tex/pgfplotscolormap.code.tex
(/usr/share/texmf-dist/tex/latex/pgfplots/tex/pgfplotscolor.code.tex))
(/usr/share/texmf-dist/tex/latex/pgfplots/tex/pgfplotsstackedplots.code.tex)
(/usr/share/texmf-dist/tex/latex/pgfplots/tex/pgfplotsplothandlers.code.tex
(/usr/share/texmf-dist/tex/latex/pgfplots/tex/pgfplotsmeshplothandler.code.tex
(/usr/share/texmf-dist/tex/latex/pgfplots/tex/pgfplotsmeshplotimage.code.tex)))
(/usr/share/texmf-dist/tex/latex/pgfplots/tex/pgfplots.scaling.code.tex)
(/usr/share/texmf-dist/tex/latex/pgfplots/tex/pgfplotscoordprocessing.code.tex)
(/usr/share/texmf-dist/tex/latex/pgfplots/tex/pgfplots.errorbars.code.tex)
(/usr/share/texmf-dist/tex/latex/pgfplots/tex/pgfplots.markers.code.tex)
(/usr/share/texmf-dist/tex/latex/pgfplots/tex/pgfplotsticks.code.tex)
(/usr/share/texmf-dist/tex/latex/pgfplots/tex/pgfplots.paths.code.tex)
(/usr/share/texmf-dist/tex/generic/pgf/frontendlayer/tikz/libraries/tikzlibrary
decorations.code.tex
(/usr/share/texmf-dist/tex/generic/pgf/modules/pgfmoduledecorations.code.tex
\pgfdecoratedcompleteddistance=\dimen314
\pgfdecoratedremainingdistance=\dimen315
\pgfdecoratedinputsegmentcompleteddistance=\dimen316
\pgfdecoratedinputsegmentremainingdistance=\dimen317
\pgf@decorate@distancetomove=\dimen318
\pgf@decorate@repeatstate=\count364
\pgfdecorationsegmentamplitude=\dimen319
\pgfdecorationsegmentlength=\dimen320
)
\tikz@lib@dec@box=\box87
)
(/usr/share/texmf-dist/tex/generic/pgf/frontendlayer/tikz/libraries/tikzlibrary
decorations.pathmorphing.code.tex
(/usr/share/texmf-dist/tex/generic/pgf/libraries/decorations/pgflibrarydecorati
ons.pathmorphing.code.tex))
(/usr/share/texmf-dist/tex/generic/pgf/frontendlayer/tikz/libraries/tikzlibrary
decorations.pathreplacing.code.tex
(/usr/share/texmf-dist/tex/generic/pgf/libraries/decorations/pgflibrarydecorati
ons.pathreplacing.code.tex))
(/usr/share/texmf-dist/tex/latex/pgfplots/tex/tikzlibrarypgfplots.contourlua.co
de.tex)
\pgfplots@numplots=\count365
\pgfplots@xmin@reg=\dimen321
\pgfplots@xmax@reg=\dimen322
\pgfplots@ymin@reg=\dimen323
\pgfplots@ymax@reg=\dimen324
\pgfplots@zmin@reg=\dimen325
\pgfplots@zmax@reg=\dimen326
)
(/usr/share/texmf-dist/tex/generic/pgf/frontendlayer/tikz/libraries/tikzlibrary
plotmarks.code.tex
File: tikzlibraryplotmarks.code.tex 2020/12/27 v3.1.8b (3.1.8b)

(/usr/share/texmf-dist/tex/generic/pgf/libraries/pgflibraryplotmarks.code.tex
File: pgflibraryplotmarks.code.tex 2020/12/27 v3.1.8b (3.1.8b)
)))
(/usr/share/texmf-dist/tex/generic/pgf/frontendlayer/tikz/libraries/tikzlibrary
positioning.code.tex
File: tikzlibrarypositioning.code.tex 2020/12/27 v3.1.8b (3.1.8b)
) (./main.aux)
\openout1 = `main.aux'.

LaTeX Font Info:    Checking defaults for OML/cmm/m/it on input line 25.
LaTeX Font Info:    ... okay on input line 25.
LaTeX Font Info:    Checking defaults for OMS/cmsy/m/n on input line 25.
LaTeX Font Info:    ... okay on input line 25.
LaTeX Font Info:    Checking defaults for OT1/cmr/m/n on input line 25.
LaTeX Font Info:    ... okay on input line 25.
LaTeX Font Info:    Checking defaults for T1/cmr/m/n on input line 25.
LaTeX Font Info:    ... okay on input line 25.
LaTeX Font Info:    Checking defaults for TS1/cmr/m/n on input line 25.
LaTeX Font Info:    ... okay on input line 25.
LaTeX Font Info:    Checking defaults for OMX/cmex/m/n on input line 25.
LaTeX Font Info:    ... okay on input line 25.
LaTeX Font Info:    Checking defaults for U/cmr/m/n on input line 25.
LaTeX Font Info:    ... okay on input line 25.
LaTeX Font Info:    Checking defaults for PD1/pdf/m/n on input line 25.
LaTeX Font Info:    ... okay on input line 25.
LaTeX Font Info:    Checking defaults for PU/pdf/m/n on input line 25.
LaTeX Font Info:    ... okay on input line 25.

*geometry* driver: auto-detecting
*geometry* detected driver: pdftex
*geometry* verbose mode - [ preamble ] result:
* driver: pdftex
* paper: custom
* layout: <same size as paper>
* layoutoffset:(h,v)=(0.0pt,0.0pt)
* modes: includehead includefoot 
* h-part:(L,W,R)=(18.21088pt, 327.7736pt, 18.21088pt)
* v-part:(T,H,B)=(0.0pt, 273.14662pt, 0.0pt)
* \paperwidth=364.19536pt
* \paperheight=273.14662pt
* \textwidth=327.7736pt
* \textheight=244.6939pt
* \oddsidemargin=-54.05911pt
* \evensidemargin=-54.05911pt
* \topmargin=-72.26999pt
* \headheight=14.22636pt
* \headsep=0.0pt
* \topskip=11.0pt
* \footskip=14.22636pt
* \marginparwidth=4.0pt
* \marginparsep=10.0pt
* \columnsep=10.0pt
* \skip\footins=10.0pt plus 4.0pt minus 2.0pt
* \hoffset=0.0pt
* \voffset=0.0pt
* \mag=1000
* \@twocolumnfalse
* \@twosidefalse
* \@mparswitchfalse
* \@reversemarginfalse
* (1in=72.27pt=25.4mm, 1cm=28.453pt)

(/usr/share/texmf-dist/tex/context/base/mkii/supp-pdf.mkii
[Loading MPS to PDF converter (version 2006.09.02).]
\scratchcounter=\count366
\scratchdimen=\dimen327
\scratchbox=\box88
\nofMPsegments=\count367
\nofMParguments=\count368
\everyMPshowfont=\toks52
\MPscratchCnt=\count369
\MPscratchDim=\dimen328
\MPnumerator=\count370
\makeMPintoPDFobject=\count371
\everyMPtoPDFconversion=\toks53
) (/usr/share/texmf-dist/tex/latex/epstopdf-pkg/epstopdf-base.sty
Package: epstopdf-base 2020-01-24 v2.11 Base part for package epstopdf
Package epstopdf-base Info: Redefining graphics rule for `.eps' on input line 4
85.

(/usr/share/texmf-dist/tex/latex/latexconfig/epstopdf-sys.cfg
File: epstopdf-sys.cfg 2010/07/13 v1.3 Configuration of (r)epstopdf for TeX Liv
e
))
Package hyperref Info: Link coloring OFF on input line 25.

(/usr/share/texmf-dist/tex/latex/hyperref/nameref.sty
Package: nameref 2021-04-02 v2.47 Cross-referencing by name of section

(/usr/share/texmf-dist/tex/latex/refcount/refcount.sty
Package: refcount 2019/12/15 v3.6 Data extraction from label references (HO)
)
(/usr/share/texmf-dist/tex/generic/gettitlestring/gettitlestring.sty
Package: gettitlestring 2019/12/15 v1.6 Cleanup title references (HO)
)
\c@section@level=\count372
)
LaTeX Info: Redefining \ref on input line 25.
LaTeX Info: Redefining \pageref on input line 25.
LaTeX Info: Redefining \nameref on input line 25.

(./main.out) (./main.out)
\@outlinefile=\write5
\openout5 = `main.out'.

LaTeX Font Info:    Overwriting symbol font `operators' in version `normal'
(Font)                  OT1/cmr/m/n --> OT1/cmss/m/n on input line 25.
LaTeX Font Info:    Overwriting symbol font `operators' in version `bold'
(Font)                  OT1/cmr/bx/n --> OT1/cmss/b/n on input line 25.
\symnumbers=\mathgroup6
\sympureletters=\mathgroup7
LaTeX Font Info:    Overwriting math alphabet `\mathrm' in version `normal'
(Font)                  OT1/cmss/m/n --> OT1/cmr/m/n on input line 25.
LaTeX Font Info:    Redeclaring math alphabet \mathbf on input line 25.
LaTeX Font Info:    Overwriting math alphabet `\mathbf' in version `normal'
(Font)                  OT1/cmr/bx/n --> OT1/cmss/b/n on input line 25.
LaTeX Font Info:    Overwriting math alphabet `\mathbf' in version `bold'
(Font)                  OT1/cmr/bx/n --> OT1/cmss/b/n on input line 25.
LaTeX Font Info:    Redeclaring math alphabet \mathsf on input line 25.
LaTeX Font Info:    Overwriting math alphabet `\mathsf' in version `normal'
(Font)                  OT1/cmss/m/n --> OT1/cmss/m/n on input line 25.
LaTeX Font Info:    Overwriting math alphabet `\mathsf' in version `bold'
(Font)                  OT1/cmss/bx/n --> OT1/cmss/m/n on input line 25.
LaTeX Font Info:    Redeclaring math alphabet \mathit on input line 25.
LaTeX Font Info:    Overwriting math alphabet `\mathit' in version `normal'
(Font)                  OT1/cmr/m/it --> OT1/cmss/m/it on input line 25.
LaTeX Font Info:    Overwriting math alphabet `\mathit' in version `bold'
(Font)                  OT1/cmr/bx/it --> OT1/cmss/m/it on input line 25.
LaTeX Font Info:    Redeclaring math alphabet \mathtt on input line 25.
LaTeX Font Info:    Overwriting math alphabet `\mathtt' in version `normal'
(Font)                  OT1/cmtt/m/n --> OT1/cmtt/m/n on input line 25.
LaTeX Font Info:    Overwriting math alphabet `\mathtt' in version `bold'
(Font)                  OT1/cmtt/m/n --> OT1/cmtt/m/n on input line 25.
LaTeX Font Info:    Overwriting symbol font `numbers' in version `bold'
(Font)                  OT1/cmss/m/n --> OT1/cmss/b/n on input line 25.
LaTeX Font Info:    Overwriting symbol font `pureletters' in version `bold'
(Font)                  OT1/cmss/m/it --> OT1/cmss/b/it on input line 25.
LaTeX Font Info:    Overwriting math alphabet `\mathrm' in version `bold'
(Font)                  OT1/cmss/b/n --> OT1/cmr/b/n on input line 25.
LaTeX Font Info:    Overwriting math alphabet `\mathbf' in version `bold'
(Font)                  OT1/cmss/b/n --> OT1/cmss/b/n on input line 25.
LaTeX Font Info:    Overwriting math alphabet `\mathsf' in version `bold'
(Font)                  OT1/cmss/m/n --> OT1/cmss/b/n on input line 25.
LaTeX Font Info:    Overwriting math alphabet `\mathit' in version `bold'
(Font)                  OT1/cmss/m/it --> OT1/cmss/b/it on input line 25.
LaTeX Font Info:    Overwriting math alphabet `\mathtt' in version `bold'
(Font)                  OT1/cmtt/m/n --> OT1/cmtt/b/n on input line 25.
LaTeX Font Info:    Redeclaring symbol font `pureletters' on input line 25.
LaTeX Font Info:    Overwriting symbol font `pureletters' in version `normal'
(Font)                  OT1/cmss/m/it --> OT1/mathkerncmss/m/sl on input line 2
5.
LaTeX Font Info:    Overwriting symbol font `pureletters' in version `bold'
(Font)                  OT1/cmss/b/it --> OT1/mathkerncmss/m/sl on input line 2
5.
LaTeX Font Info:    Overwriting symbol font `pureletters' in version `bold'
(Font)                  OT1/mathkerncmss/m/sl --> OT1/mathkerncmss/bx/sl on inp
ut line 25.

(/usr/share/texmf-dist/tex/latex/translator/translator-basic-dictionary-English
.dict
Dictionary: translator-basic-dictionary, Language: English 
)
(/usr/share/texmf-dist/tex/latex/translator/translator-bibliography-dictionary-
English.dict
Dictionary: translator-bibliography-dictionary, Language: English 
)
(/usr/share/texmf-dist/tex/latex/translator/translator-environment-dictionary-E
nglish.dict
Dictionary: translator-environment-dictionary, Language: English 
)
(/usr/share/texmf-dist/tex/latex/translator/translator-months-dictionary-Englis
h.dict
Dictionary: translator-months-dictionary, Language: English 
)
(/usr/share/texmf-dist/tex/latex/translator/translator-numbers-dictionary-Engli
sh.dict
Dictionary: translator-numbers-dictionary, Language: English 
)
(/usr/share/texmf-dist/tex/latex/translator/translator-theorem-dictionary-Engli
sh.dict
Dictionary: translator-theorem-dictionary, Language: English 
)

Package pgfplots Warning: running in backwards compatibility mode (unsuitable t
ick labels; missing features). Consider writing \pgfplotsset{compat=1.18} into 
your preamble.
 on input line 25.

(./main.nav)
Underfull \hbox (badness 10000) in paragraph at lines 29--29

 []


Overfull \hbox (36.42175pt too wide) in paragraph at lines 29--29
[][]  
 []


Overfull \hbox (36.42175pt too wide) in paragraph at lines 29--29
[][]  
 []


Overfull \hbox (36.42175pt too wide) in paragraph at lines 29--29
[][]  
 []


Overfull \hbox (36.42175pt too wide) in paragraph at lines 29--29
[][]  
 []


Overfull \vbox (16.46194pt too high) detected at line 29
 []

<beamerthemepolimi_img//custombg.jpg, id=37, 933.4875pt x 423.83344pt>
File: beamerthemepolimi_img//custombg.jpg Graphic file (type jpg)
<use beamerthemepolimi_img//custombg.jpg>
Package pdftex.def Info: beamerthemepolimi_img//custombg.jpg  used on input lin
e 29.
(pdftex.def)             Requested size: 364.19536pt x 165.35904pt.
<beamerthemepolimi_img//logo_centrato_COL_negativo.png, id=38, 227.6505pt x 167
.4255pt>
File: beamerthemepolimi_img//logo_centrato_COL_negativo.png Graphic file (type 
png)
<use beamerthemepolimi_img//logo_centrato_COL_negativo.png>
Package pdftex.def Info: beamerthemepolimi_img//logo_centrato_COL_negativo.png 
 used on input line 29.
(pdftex.def)             Requested size: 109.2597pt x 80.3531pt.
<beamerthemepolimi_img//decoration.pdf, id=40, 720.56299pt x 14.22635pt>
File: beamerthemepolimi_img//decoration.pdf Graphic file (type pdf)
<use beamerthemepolimi_img//decoration.pdf>
Package pdftex.def Info: beamerthemepolimi_img//decoration.pdf  used on input l
ine 29.
(pdftex.def)             Requested size: 364.19536pt x 7.19064pt.
[1

{/var/lib/texmf/fonts/map/pdftex/updmap/pdftex.map} <./beamerthemepolimi_img//c
ustombg.jpg> <./beamerthemepolimi_img//logo_centrato_COL_negativo.png> <./beame
rthemepolimi_img//decoration.pdf>] (./introduction.tex
File: beamerthemepolimi_img//decoration.pdf Graphic file (type pdf)
<use beamerthemepolimi_img//decoration.pdf>
Package pdftex.def Info: beamerthemepolimi_img//decoration.pdf  used on input l
ine 4.
(pdftex.def)             Requested size: 364.19536pt x 7.19064pt.
File: beamerthemepolimi_img//decoration.pdf Graphic file (type pdf)
<use beamerthemepolimi_img//decoration.pdf>
Package pdftex.def Info: beamerthemepolimi_img//decoration.pdf  used on input l
ine 4.
(pdftex.def)             Requested size: 364.19536pt x 7.19064pt.
<beamerthemepolimi_img//logo_bandiera.png, id=86, 261.6174pt x 14.6949pt>
File: beamerthemepolimi_img//logo_bandiera.png Graphic file (type png)
<use beamerthemepolimi_img//logo_bandiera.png>
Package pdftex.def Info: beamerthemepolimi_img//logo_bandiera.png  used on inpu
t line 4.
(pdftex.def)             Requested size: 124.62083pt x 7.0pt.
 [2

 <./beamerthemepolimi_img//logo_bandiera.png>]
File: beamerthemepolimi_img//decoration.pdf Graphic file (type pdf)
<use beamerthemepolimi_img//decoration.pdf>
Package pdftex.def Info: beamerthemepolimi_img//decoration.pdf  used on input l
ine 15.
(pdftex.def)             Requested size: 364.19536pt x 7.19064pt.
File: beamerthemepolimi_img//logo_bandiera.png Graphic file (type png)
<use beamerthemepolimi_img//logo_bandiera.png>
Package pdftex.def Info: beamerthemepolimi_img//logo_bandiera.png  used on inpu
t line 15.
(pdftex.def)             Requested size: 124.62083pt x 7.0pt.
 [3

]
LaTeX Font Info:    Trying to load font information for U+msa on input line 36.


(/usr/share/texmf-dist/tex/latex/amsfonts/umsa.fd
File: umsa.fd 2013/01/14 v3.01 AMS symbols A
)
LaTeX Font Info:    Trying to load font information for U+msb on input line 36.


(/usr/share/texmf-dist/tex/latex/amsfonts/umsb.fd
File: umsb.fd 2013/01/14 v3.01 AMS symbols B
)
LaTeX Font Info:    Trying to load font information for OT1+mathkerncmss on inp
ut line 36.

(/usr/share/texmf-dist/tex/latex/sansmathaccent/ot1mathkerncmss.fd
File: ot1mathkerncmss.fd 2020/01/31 Fontinst v1.933 font definitions for OT1/ma
thkerncmss.
)
<images/Bloch_sphere.png, id=126, 178.41656pt x 189.70876pt>
File: images/Bloch_sphere.png Graphic file (type png)
<use images/Bloch_sphere.png>
Package pdftex.def Info: images/Bloch_sphere.png  used on input line 36.
(pdftex.def)             Requested size: 71.36534pt x 75.88214pt.
File: beamerthemepolimi_img//decoration.pdf Graphic file (type pdf)
<use beamerthemepolimi_img//decoration.pdf>
Package pdftex.def Info: beamerthemepolimi_img//decoration.pdf  used on input l
ine 36.
(pdftex.def)             Requested size: 364.19536pt x 7.19064pt.
File: beamerthemepolimi_img//logo_bandiera.png Graphic file (type png)
<use beamerthemepolimi_img//logo_bandiera.png>
Package pdftex.def Info: beamerthemepolimi_img//logo_bandiera.png  used on inpu
t line 36.
(pdftex.def)             Requested size: 124.62083pt x 7.0pt.
 [4

 <./images/bloch_sphere.png>]
File: beamerthemepolimi_img//decoration.pdf Graphic file (type pdf)
<use beamerthemepolimi_img//decoration.pdf>
Package pdftex.def Info: beamerthemepolimi_img//decoration.pdf  used on input l
ine 45.
(pdftex.def)             Requested size: 364.19536pt x 7.19064pt.
File: beamerthemepolimi_img//logo_bandiera.png Graphic file (type png)
<use beamerthemepolimi_img//logo_bandiera.png>
Package pdftex.def Info: beamerthemepolimi_img//logo_bandiera.png  used on inpu
t line 45.
(pdftex.def)             Requested size: 124.62083pt x 7.0pt.
 [5

]
File: beamerthemepolimi_img//decoration.pdf Graphic file (type pdf)
<use beamerthemepolimi_img//decoration.pdf>
Package pdftex.def Info: beamerthemepolimi_img//decoration.pdf  used on input l
ine 54.
(pdftex.def)             Requested size: 364.19536pt x 7.19064pt.
File: beamerthemepolimi_img//logo_bandiera.png Graphic file (type png)
<use beamerthemepolimi_img//logo_bandiera.png>
Package pdftex.def Info: beamerthemepolimi_img//logo_bandiera.png  used on inpu
t line 54.
(pdftex.def)             Requested size: 124.62083pt x 7.0pt.
 [6

]
File: beamerthemepolimi_img//decoration.pdf Graphic file (type pdf)
<use beamerthemepolimi_img//decoration.pdf>
Package pdftex.def Info: beamerthemepolimi_img//decoration.pdf  used on input l
ine 66.
(pdftex.def)             Requested size: 364.19536pt x 7.19064pt.
File: beamerthemepolimi_img//logo_bandiera.png Graphic file (type png)
<use beamerthemepolimi_img//logo_bandiera.png>
Package pdftex.def Info: beamerthemepolimi_img//logo_bandiera.png  used on inpu
t line 66.
(pdftex.def)             Requested size: 124.62083pt x 7.0pt.
 [7

]
File: beamerthemepolimi_img//decoration.pdf Graphic file (type pdf)
<use beamerthemepolimi_img//decoration.pdf>
Package pdftex.def Info: beamerthemepolimi_img//decoration.pdf  used on input l
ine 78.
(pdftex.def)             Requested size: 364.19536pt x 7.19064pt.
File: beamerthemepolimi_img//logo_bandiera.png Graphic file (type png)
<use beamerthemepolimi_img//logo_bandiera.png>
Package pdftex.def Info: beamerthemepolimi_img//logo_bandiera.png  used on inpu
t line 78.
(pdftex.def)             Requested size: 124.62083pt x 7.0pt.
 [8

]) (./codes.tex
File: beamerthemepolimi_img//decoration.pdf Graphic file (type pdf)
<use beamerthemepolimi_img//decoration.pdf>
Package pdftex.def Info: beamerthemepolimi_img//decoration.pdf  used on input l
ine 4.
(pdftex.def)             Requested size: 364.19536pt x 7.19064pt.
File: beamerthemepolimi_img//decoration.pdf Graphic file (type pdf)
<use beamerthemepolimi_img//decoration.pdf>
Package pdftex.def Info: beamerthemepolimi_img//decoration.pdf  used on input l
ine 4.
(pdftex.def)             Requested size: 364.19536pt x 7.19064pt.
File: beamerthemepolimi_img//logo_bandiera.png Graphic file (type png)
<use beamerthemepolimi_img//logo_bandiera.png>
Package pdftex.def Info: beamerthemepolimi_img//logo_bandiera.png  used on inpu
t line 4.
(pdftex.def)             Requested size: 124.62083pt x 7.0pt.
 [9

]
LaTeX Font Info:    Trying to load font information for U+dsrom on input line 1
7.

(/usr/share/texmf-dist/tex/latex/doublestroke/Udsrom.fd
File: Udsrom.fd 1995/08/01 v0.1 Double stroke roman font definitions
)
File: beamerthemepolimi_img//decoration.pdf Graphic file (type pdf)
<use beamerthemepolimi_img//decoration.pdf>
Package pdftex.def Info: beamerthemepolimi_img//decoration.pdf  used on input l
ine 17.
(pdftex.def)             Requested size: 364.19536pt x 7.19064pt.
File: beamerthemepolimi_img//logo_bandiera.png Graphic file (type png)
<use beamerthemepolimi_img//logo_bandiera.png>
Package pdftex.def Info: beamerthemepolimi_img//logo_bandiera.png  used on inpu
t line 17.
(pdftex.def)             Requested size: 124.62083pt x 7.0pt.
 [10

]
LaTeX Font Info:    Font shape `OT1/cmss/b/n' in size <10.95> not available
(Font)              Font shape `OT1/cmss/bx/n' tried instead on input line 33.
LaTeX Font Info:    Font shape `OT1/cmss/b/n' in size <8> not available
(Font)              Font shape `OT1/cmss/bx/n' tried instead on input line 33.
LaTeX Font Info:    Font shape `OT1/cmss/b/n' in size <6> not available
(Font)              Font shape `OT1/cmss/bx/n' tried instead on input line 33.
File: beamerthemepolimi_img//decoration.pdf Graphic file (type pdf)
<use beamerthemepolimi_img//decoration.pdf>
Package pdftex.def Info: beamerthemepolimi_img//decoration.pdf  used on input l
ine 33.
(pdftex.def)             Requested size: 364.19536pt x 7.19064pt.
File: beamerthemepolimi_img//logo_bandiera.png Graphic file (type png)
<use beamerthemepolimi_img//logo_bandiera.png>
Package pdftex.def Info: beamerthemepolimi_img//logo_bandiera.png  used on inpu
t line 33.
(pdftex.def)             Requested size: 124.62083pt x 7.0pt.
 [11

]
File: beamerthemepolimi_img//decoration.pdf Graphic file (type pdf)
<use beamerthemepolimi_img//decoration.pdf>
Package pdftex.def Info: beamerthemepolimi_img//decoration.pdf  used on input l
ine 48.
(pdftex.def)             Requested size: 364.19536pt x 7.19064pt.
File: beamerthemepolimi_img//logo_bandiera.png Graphic file (type png)
<use beamerthemepolimi_img//logo_bandiera.png>
Package pdftex.def Info: beamerthemepolimi_img//logo_bandiera.png  used on inpu
t line 48.
(pdftex.def)             Requested size: 124.62083pt x 7.0pt.
 [12

]
File: beamerthemepolimi_img//decoration.pdf Graphic file (type pdf)
<use beamerthemepolimi_img//decoration.pdf>
Package pdftex.def Info: beamerthemepolimi_img//decoration.pdf  used on input l
ine 64.
(pdftex.def)             Requested size: 364.19536pt x 7.19064pt.
File: beamerthemepolimi_img//logo_bandiera.png Graphic file (type png)
<use beamerthemepolimi_img//logo_bandiera.png>
Package pdftex.def Info: beamerthemepolimi_img//logo_bandiera.png  used on inpu
t line 64.
(pdftex.def)             Requested size: 124.62083pt x 7.0pt.

[13

]
File: beamerthemepolimi_img//decoration.pdf Graphic file (type pdf)
<use beamerthemepolimi_img//decoration.pdf>
Package pdftex.def Info: beamerthemepolimi_img//decoration.pdf  used on input l
ine 89.
(pdftex.def)             Requested size: 364.19536pt x 7.19064pt.
File: beamerthemepolimi_img//logo_bandiera.png Graphic file (type png)
<use beamerthemepolimi_img//logo_bandiera.png>
Package pdftex.def Info: beamerthemepolimi_img//logo_bandiera.png  used on inpu
t line 89.
(pdftex.def)             Requested size: 124.62083pt x 7.0pt.
 [14

]
File: beamerthemepolimi_img//decoration.pdf Graphic file (type pdf)
<use beamerthemepolimi_img//decoration.pdf>
Package pdftex.def Info: beamerthemepolimi_img//decoration.pdf  used on input l
ine 105.
(pdftex.def)             Requested size: 364.19536pt x 7.19064pt.
File: beamerthemepolimi_img//logo_bandiera.png Graphic file (type png)
<use beamerthemepolimi_img//logo_bandiera.png>
Package pdftex.def Info: beamerthemepolimi_img//logo_bandiera.png  used on inpu
t line 105.
(pdftex.def)             Requested size: 124.62083pt x 7.0pt.
 [15

]
File: beamerthemepolimi_img//decoration.pdf Graphic file (type pdf)
<use beamerthemepolimi_img//decoration.pdf>
Package pdftex.def Info: beamerthemepolimi_img//decoration.pdf  used on input l
ine 115.
(pdftex.def)             Requested size: 364.19536pt x 7.19064pt.
File: beamerthemepolimi_img//logo_bandiera.png Graphic file (type png)
<use beamerthemepolimi_img//logo_bandiera.png>
Package pdftex.def Info: beamerthemepolimi_img//logo_bandiera.png  used on inpu
t line 115.
(pdftex.def)             Requested size: 124.62083pt x 7.0pt.
 [16

]
File: beamerthemepolimi_img//decoration.pdf Graphic file (type pdf)
<use beamerthemepolimi_img//decoration.pdf>
Package pdftex.def Info: beamerthemepolimi_img//decoration.pdf  used on input l
ine 131.
(pdftex.def)             Requested size: 364.19536pt x 7.19064pt.
File: beamerthemepolimi_img//logo_bandiera.png Graphic file (type png)
<use beamerthemepolimi_img//logo_bandiera.png>
Package pdftex.def Info: beamerthemepolimi_img//logo_bandiera.png  used on inpu
t line 131.
(pdftex.def)             Requested size: 124.62083pt x 7.0pt.
 [17

]

LaTeX Warning: Citation `berlekamp1978inherent' on page 18 undefined on input l
ine 138.

File: beamerthemepolimi_img//decoration.pdf Graphic file (type pdf)
<use beamerthemepolimi_img//decoration.pdf>
Package pdftex.def Info: beamerthemepolimi_img//decoration.pdf  used on input l
ine 138.
(pdftex.def)             Requested size: 364.19536pt x 7.19064pt.
File: beamerthemepolimi_img//logo_bandiera.png Graphic file (type png)
<use beamerthemepolimi_img//logo_bandiera.png>
Package pdftex.def Info: beamerthemepolimi_img//logo_bandiera.png  used on inpu
t line 138.
(pdftex.def)             Requested size: 124.62083pt x 7.0pt.
[18

]) (./hqc.tex
File: beamerthemepolimi_img//decoration.pdf Graphic file (type pdf)
<use beamerthemepolimi_img//decoration.pdf>
Package pdftex.def Info: beamerthemepolimi_img//decoration.pdf  used on input l
ine 5.
(pdftex.def)             Requested size: 364.19536pt x 7.19064pt.
File: beamerthemepolimi_img//decoration.pdf Graphic file (type pdf)
<use beamerthemepolimi_img//decoration.pdf>
Package pdftex.def Info: beamerthemepolimi_img//decoration.pdf  used on input l
ine 5.
(pdftex.def)             Requested size: 364.19536pt x 7.19064pt.
File: beamerthemepolimi_img//logo_bandiera.png Graphic file (type png)
<use beamerthemepolimi_img//logo_bandiera.png>
Package pdftex.def Info: beamerthemepolimi_img//logo_bandiera.png  used on inpu
t line 5.
(pdftex.def)             Requested size: 124.62083pt x 7.0pt.
 [19

]
File: beamerthemepolimi_img//decoration.pdf Graphic file (type pdf)
<use beamerthemepolimi_img//decoration.pdf>
Package pdftex.def Info: beamerthemepolimi_img//decoration.pdf  used on input l
ine 24.
(pdftex.def)             Requested size: 364.19536pt x 7.19064pt.
File: beamerthemepolimi_img//logo_bandiera.png Graphic file (type png)
<use beamerthemepolimi_img//logo_bandiera.png>
Package pdftex.def Info: beamerthemepolimi_img//logo_bandiera.png  used on inpu
t line 24.
(pdftex.def)             Requested size: 124.62083pt x 7.0pt.
 [20

]
File: beamerthemepolimi_img//decoration.pdf Graphic file (type pdf)
<use beamerthemepolimi_img//decoration.pdf>
Package pdftex.def Info: beamerthemepolimi_img//decoration.pdf  used on input l
ine 50.
(pdftex.def)             Requested size: 364.19536pt x 7.19064pt.
File: beamerthemepolimi_img//logo_bandiera.png Graphic file (type png)
<use beamerthemepolimi_img//logo_bandiera.png>
Package pdftex.def Info: beamerthemepolimi_img//logo_bandiera.png  used on inpu
t line 50.
(pdftex.def)             Requested size: 124.62083pt x 7.0pt.
 [21

]
File: beamerthemepolimi_img//decoration.pdf Graphic file (type pdf)
<use beamerthemepolimi_img//decoration.pdf>
Package pdftex.def Info: beamerthemepolimi_img//decoration.pdf  used on input l
ine 65.
(pdftex.def)             Requested size: 364.19536pt x 7.19064pt.
File: beamerthemepolimi_img//logo_bandiera.png Graphic file (type png)
<use beamerthemepolimi_img//logo_bandiera.png>
Package pdftex.def Info: beamerthemepolimi_img//logo_bandiera.png  used on inpu
t line 65.
(pdftex.def)             Requested size: 124.62083pt x 7.0pt.
 [22

]
File: beamerthemepolimi_img//decoration.pdf Graphic file (type pdf)
<use beamerthemepolimi_img//decoration.pdf>
Package pdftex.def Info: beamerthemepolimi_img//decoration.pdf  used on input l
ine 83.
(pdftex.def)             Requested size: 364.19536pt x 7.19064pt.
File: beamerthemepolimi_img//logo_bandiera.png Graphic file (type png)
<use beamerthemepolimi_img//logo_bandiera.png>
Package pdftex.def Info: beamerthemepolimi_img//logo_bandiera.png  used on inpu
t line 83.
(pdftex.def)             Requested size: 124.62083pt x 7.0pt.
 [23

]
File: beamerthemepolimi_img//decoration.pdf Graphic file (type pdf)
<use beamerthemepolimi_img//decoration.pdf>
Package pdftex.def Info: beamerthemepolimi_img//decoration.pdf  used on input l
ine 94.
(pdftex.def)             Requested size: 364.19536pt x 7.19064pt.
File: beamerthemepolimi_img//logo_bandiera.png Graphic file (type png)
<use beamerthemepolimi_img//logo_bandiera.png>
Package pdftex.def Info: beamerthemepolimi_img//logo_bandiera.png  used on inpu
t line 94.
(pdftex.def)             Requested size: 124.62083pt x 7.0pt.
 [24

]
File: beamerthemepolimi_img//decoration.pdf Graphic file (type pdf)
<use beamerthemepolimi_img//decoration.pdf>
Package pdftex.def Info: beamerthemepolimi_img//decoration.pdf  used on input l
ine 107.
(pdftex.def)             Requested size: 364.19536pt x 7.19064pt.
File: beamerthemepolimi_img//logo_bandiera.png Graphic file (type png)
<use beamerthemepolimi_img//logo_bandiera.png>
Package pdftex.def Info: beamerthemepolimi_img//logo_bandiera.png  used on inpu
t line 107.
(pdftex.def)             Requested size: 124.62083pt x 7.0pt.
 [25

]
File: beamerthemepolimi_img//decoration.pdf Graphic file (type pdf)
<use beamerthemepolimi_img//decoration.pdf>
Package pdftex.def Info: beamerthemepolimi_img//decoration.pdf  used on input l
ine 119.
(pdftex.def)             Requested size: 364.19536pt x 7.19064pt.
File: beamerthemepolimi_img//logo_bandiera.png Graphic file (type png)
<use beamerthemepolimi_img//logo_bandiera.png>
Package pdftex.def Info: beamerthemepolimi_img//logo_bandiera.png  used on inpu
t line 119.
(pdftex.def)             Requested size: 124.62083pt x 7.0pt.
 [26

]) (./masking.tex
File: beamerthemepolimi_img//decoration.pdf Graphic file (type pdf)
<use beamerthemepolimi_img//decoration.pdf>
Package pdftex.def Info: beamerthemepolimi_img//decoration.pdf  used on input l
ine 5.
(pdftex.def)             Requested size: 364.19536pt x 7.19064pt.
File: beamerthemepolimi_img//decoration.pdf Graphic file (type pdf)
<use beamerthemepolimi_img//decoration.pdf>
Package pdftex.def Info: beamerthemepolimi_img//decoration.pdf  used on input l
ine 5.
(pdftex.def)             Requested size: 364.19536pt x 7.19064pt.
File: beamerthemepolimi_img//logo_bandiera.png Graphic file (type png)
<use beamerthemepolimi_img//logo_bandiera.png>
Package pdftex.def Info: beamerthemepolimi_img//logo_bandiera.png  used on inpu
t line 5.
(pdftex.def)             Requested size: 124.62083pt x 7.0pt.

[27

]
File: beamerthemepolimi_img//decoration.pdf Graphic file (type pdf)
<use beamerthemepolimi_img//decoration.pdf>
Package pdftex.def Info: beamerthemepolimi_img//decoration.pdf  used on input l
ine 19.
(pdftex.def)             Requested size: 364.19536pt x 7.19064pt.
File: beamerthemepolimi_img//logo_bandiera.png Graphic file (type png)
<use beamerthemepolimi_img//logo_bandiera.png>
Package pdftex.def Info: beamerthemepolimi_img//logo_bandiera.png  used on inpu
t line 19.
(pdftex.def)             Requested size: 124.62083pt x 7.0pt.
 [28

]
File: beamerthemepolimi_img//decoration.pdf Graphic file (type pdf)
<use beamerthemepolimi_img//decoration.pdf>
Package pdftex.def Info: beamerthemepolimi_img//decoration.pdf  used on input l
ine 28.
(pdftex.def)             Requested size: 364.19536pt x 7.19064pt.
File: beamerthemepolimi_img//logo_bandiera.png Graphic file (type png)
<use beamerthemepolimi_img//logo_bandiera.png>
Package pdftex.def Info: beamerthemepolimi_img//logo_bandiera.png  used on inpu
t line 28.
(pdftex.def)             Requested size: 124.62083pt x 7.0pt.
 [29

]
<images/chipwhisperer_with_target_and_oscilloscope.jpg, id=688, 412.97144pt x 2
75.24545pt>
File: images/chipwhisperer_with_target_and_oscilloscope.jpg Graphic file (type 
jpg)
<use images/chipwhisperer_with_target_and_oscilloscope.jpg>
Package pdftex.def Info: images/chipwhisperer_with_target_and_oscilloscope.jpg 
 used on input line 37.
(pdftex.def)             Requested size: 247.78476pt x 165.14853pt.

Overfull \vbox (10.63481pt too high) detected at line 37
 []

File: beamerthemepolimi_img//decoration.pdf Graphic file (type pdf)
<use beamerthemepolimi_img//decoration.pdf>
Package pdftex.def Info: beamerthemepolimi_img//decoration.pdf  used on input l
ine 37.
(pdftex.def)             Requested size: 364.19536pt x 7.19064pt.
File: beamerthemepolimi_img//logo_bandiera.png Graphic file (type png)
<use beamerthemepolimi_img//logo_bandiera.png>
Package pdftex.def Info: beamerthemepolimi_img//logo_bandiera.png  used on inpu
t line 37.
(pdftex.def)             Requested size: 124.62083pt x 7.0pt.
[30

 <./images/chipwhisperer_with_target_and_oscilloscope.jpg>]
File: beamerthemepolimi_img//decoration.pdf Graphic file (type pdf)
<use beamerthemepolimi_img//decoration.pdf>
Package pdftex.def Info: beamerthemepolimi_img//decoration.pdf  used on input l
ine 55.
(pdftex.def)             Requested size: 364.19536pt x 7.19064pt.
File: beamerthemepolimi_img//logo_bandiera.png Graphic file (type png)
<use beamerthemepolimi_img//logo_bandiera.png>
Package pdftex.def Info: beamerthemepolimi_img//logo_bandiera.png  used on inpu
t line 55.
(pdftex.def)             Requested size: 124.62083pt x 7.0pt.
 [31

]
Overfull \vbox (0.60745pt too high) detected at line 71
 []

File: beamerthemepolimi_img//decoration.pdf Graphic file (type pdf)
<use beamerthemepolimi_img//decoration.pdf>
Package pdftex.def Info: beamerthemepolimi_img//decoration.pdf  used on input l
ine 71.
(pdftex.def)             Requested size: 364.19536pt x 7.19064pt.
File: beamerthemepolimi_img//logo_bandiera.png Graphic file (type png)
<use beamerthemepolimi_img//logo_bandiera.png>
Package pdftex.def Info: beamerthemepolimi_img//logo_bandiera.png  used on inpu
t line 71.
(pdftex.def)             Requested size: 124.62083pt x 7.0pt.
[32

]
File: beamerthemepolimi_img//decoration.pdf Graphic file (type pdf)
<use beamerthemepolimi_img//decoration.pdf>
Package pdftex.def Info: beamerthemepolimi_img//decoration.pdf  used on input l
ine 88.
(pdftex.def)             Requested size: 364.19536pt x 7.19064pt.
File: beamerthemepolimi_img//logo_bandiera.png Graphic file (type png)
<use beamerthemepolimi_img//logo_bandiera.png>
Package pdftex.def Info: beamerthemepolimi_img//logo_bandiera.png  used on inpu
t line 88.
(pdftex.def)             Requested size: 124.62083pt x 7.0pt.
 [33

]) (./implementation.tex
File: beamerthemepolimi_img//decoration.pdf Graphic file (type pdf)
<use beamerthemepolimi_img//decoration.pdf>
Package pdftex.def Info: beamerthemepolimi_img//decoration.pdf  used on input l
ine 4.
(pdftex.def)             Requested size: 364.19536pt x 7.19064pt.
File: beamerthemepolimi_img//decoration.pdf Graphic file (type pdf)
<use beamerthemepolimi_img//decoration.pdf>
Package pdftex.def Info: beamerthemepolimi_img//decoration.pdf  used on input l
ine 4.
(pdftex.def)             Requested size: 364.19536pt x 7.19064pt.
File: beamerthemepolimi_img//logo_bandiera.png Graphic file (type png)
<use beamerthemepolimi_img//logo_bandiera.png>
Package pdftex.def Info: beamerthemepolimi_img//logo_bandiera.png  used on inpu
t line 4.
(pdftex.def)             Requested size: 124.62083pt x 7.0pt.
 [34

]
File: beamerthemepolimi_img//decoration.pdf Graphic file (type pdf)
<use beamerthemepolimi_img//decoration.pdf>
Package pdftex.def Info: beamerthemepolimi_img//decoration.pdf  used on input l
ine 15.
(pdftex.def)             Requested size: 364.19536pt x 7.19064pt.
File: beamerthemepolimi_img//logo_bandiera.png Graphic file (type png)
<use beamerthemepolimi_img//logo_bandiera.png>
Package pdftex.def Info: beamerthemepolimi_img//logo_bandiera.png  used on inpu
t line 15.
(pdftex.def)             Requested size: 124.62083pt x 7.0pt.
 [35

]
<images/stm32board.jpg, id=815, 280.04625pt x 237.13594pt>
File: images/stm32board.jpg Graphic file (type jpg)
<use images/stm32board.jpg>
Package pdftex.def Info: images/stm32board.jpg  used on input line 37.
(pdftex.def)             Requested size: 140.02277pt x 118.56767pt.
File: beamerthemepolimi_img//decoration.pdf Graphic file (type pdf)
<use beamerthemepolimi_img//decoration.pdf>
Package pdftex.def Info: beamerthemepolimi_img//decoration.pdf  used on input l
ine 37.
(pdftex.def)             Requested size: 364.19536pt x 7.19064pt.
File: beamerthemepolimi_img//logo_bandiera.png Graphic file (type png)
<use beamerthemepolimi_img//logo_bandiera.png>
Package pdftex.def Info: beamerthemepolimi_img//logo_bandiera.png  used on inpu
t line 37.
(pdftex.def)             Requested size: 124.62083pt x 7.0pt.
 [36

 <./images/stm32board.jpg>]
LaTeX Font Info:    Font shape `OT1/cmss/b/n' in size <10> not available
(Font)              Font shape `OT1/cmss/bx/n' tried instead on input line 51.
LaTeX Font Info:    Font shape `OT1/cmss/b/n' in size <7> not available
(Font)              Font shape `OT1/cmss/bx/n' tried instead on input line 51.
LaTeX Font Info:    Font shape `OT1/cmss/b/n' in size <5> not available
(Font)              Font shape `OT1/cmss/bx/n' tried instead on input line 51.
File: beamerthemepolimi_img//decoration.pdf Graphic file (type pdf)
<use beamerthemepolimi_img//decoration.pdf>
Package pdftex.def Info: beamerthemepolimi_img//decoration.pdf  used on input l
ine 51.
(pdftex.def)             Requested size: 364.19536pt x 7.19064pt.
File: beamerthemepolimi_img//logo_bandiera.png Graphic file (type png)
<use beamerthemepolimi_img//logo_bandiera.png>
Package pdftex.def Info: beamerthemepolimi_img//logo_bandiera.png  used on inpu
t line 51.
(pdftex.def)             Requested size: 124.62083pt x 7.0pt.

[37

]
File: beamerthemepolimi_img//decoration.pdf Graphic file (type pdf)
<use beamerthemepolimi_img//decoration.pdf>
Package pdftex.def Info: beamerthemepolimi_img//decoration.pdf  used on input l
ine 62.
(pdftex.def)             Requested size: 364.19536pt x 7.19064pt.
File: beamerthemepolimi_img//logo_bandiera.png Graphic file (type png)
<use beamerthemepolimi_img//logo_bandiera.png>
Package pdftex.def Info: beamerthemepolimi_img//logo_bandiera.png  used on inpu
t line 62.
(pdftex.def)             Requested size: 124.62083pt x 7.0pt.
 [38

]
File: beamerthemepolimi_img//decoration.pdf Graphic file (type pdf)
<use beamerthemepolimi_img//decoration.pdf>
Package pdftex.def Info: beamerthemepolimi_img//decoration.pdf  used on input l
ine 72.
(pdftex.def)             Requested size: 364.19536pt x 7.19064pt.
File: beamerthemepolimi_img//logo_bandiera.png Graphic file (type png)
<use beamerthemepolimi_img//logo_bandiera.png>
Package pdftex.def Info: beamerthemepolimi_img//logo_bandiera.png  used on inpu
t line 72.
(pdftex.def)             Requested size: 124.62083pt x 7.0pt.
 [39

]
File: beamerthemepolimi_img//decoration.pdf Graphic file (type pdf)
<use beamerthemepolimi_img//decoration.pdf>
Package pdftex.def Info: beamerthemepolimi_img//decoration.pdf  used on input l
ine 87.
(pdftex.def)             Requested size: 364.19536pt x 7.19064pt.
File: beamerthemepolimi_img//logo_bandiera.png Graphic file (type png)
<use beamerthemepolimi_img//logo_bandiera.png>
Package pdftex.def Info: beamerthemepolimi_img//logo_bandiera.png  used on inpu
t line 87.
(pdftex.def)             Requested size: 124.62083pt x 7.0pt.
 [40

]
File: beamerthemepolimi_img//decoration.pdf Graphic file (type pdf)
<use beamerthemepolimi_img//decoration.pdf>
Package pdftex.def Info: beamerthemepolimi_img//decoration.pdf  used on input l
ine 105.
(pdftex.def)             Requested size: 364.19536pt x 7.19064pt.
File: beamerthemepolimi_img//logo_bandiera.png Graphic file (type png)
<use beamerthemepolimi_img//logo_bandiera.png>
Package pdftex.def Info: beamerthemepolimi_img//logo_bandiera.png  used on inpu
t line 105.
(pdftex.def)             Requested size: 124.62083pt x 7.0pt.
 [41

]) (./results.tex
File: beamerthemepolimi_img//decoration.pdf Graphic file (type pdf)
<use beamerthemepolimi_img//decoration.pdf>
Package pdftex.def Info: beamerthemepolimi_img//decoration.pdf  used on input l
ine 4.
(pdftex.def)             Requested size: 364.19536pt x 7.19064pt.
File: beamerthemepolimi_img//decoration.pdf Graphic file (type pdf)
<use beamerthemepolimi_img//decoration.pdf>
Package pdftex.def Info: beamerthemepolimi_img//decoration.pdf  used on input l
ine 4.
(pdftex.def)             Requested size: 364.19536pt x 7.19064pt.
File: beamerthemepolimi_img//logo_bandiera.png Graphic file (type png)
<use beamerthemepolimi_img//logo_bandiera.png>
Package pdftex.def Info: beamerthemepolimi_img//logo_bandiera.png  used on inpu
t line 4.
(pdftex.def)             Requested size: 124.62083pt x 7.0pt.
 [42

]
Overfull \vbox (0.44872pt too high) detected at line 65
 []

File: beamerthemepolimi_img//decoration.pdf Graphic file (type pdf)
<use beamerthemepolimi_img//decoration.pdf>
Package pdftex.def Info: beamerthemepolimi_img//decoration.pdf  used on input l
ine 65.
(pdftex.def)             Requested size: 364.19536pt x 7.19064pt.
File: beamerthemepolimi_img//logo_bandiera.png Graphic file (type png)
<use beamerthemepolimi_img//logo_bandiera.png>
Package pdftex.def Info: beamerthemepolimi_img//logo_bandiera.png  used on inpu
t line 65.
(pdftex.def)             Requested size: 124.62083pt x 7.0pt.
[43

]
Overfull \vbox (14.86836pt too high) detected at line 89
 []

File: beamerthemepolimi_img//decoration.pdf Graphic file (type pdf)
<use beamerthemepolimi_img//decoration.pdf>
Package pdftex.def Info: beamerthemepolimi_img//decoration.pdf  used on input l
ine 89.
(pdftex.def)             Requested size: 364.19536pt x 7.19064pt.
File: beamerthemepolimi_img//logo_bandiera.png Graphic file (type png)
<use beamerthemepolimi_img//logo_bandiera.png>
Package pdftex.def Info: beamerthemepolimi_img//logo_bandiera.png  used on inpu
t line 89.
(pdftex.def)             Requested size: 124.62083pt x 7.0pt.
[44

]
File: beamerthemepolimi_img//decoration.pdf Graphic file (type pdf)
<use beamerthemepolimi_img//decoration.pdf>
Package pdftex.def Info: beamerthemepolimi_img//decoration.pdf  used on input l
ine 100.
(pdftex.def)             Requested size: 364.19536pt x 7.19064pt.
File: beamerthemepolimi_img//logo_bandiera.png Graphic file (type png)
<use beamerthemepolimi_img//logo_bandiera.png>
Package pdftex.def Info: beamerthemepolimi_img//logo_bandiera.png  used on inpu
t line 100.
(pdftex.def)             Requested size: 124.62083pt x 7.0pt.
 [45

]
File: beamerthemepolimi_img//decoration.pdf Graphic file (type pdf)
<use beamerthemepolimi_img//decoration.pdf>
Package pdftex.def Info: beamerthemepolimi_img//decoration.pdf  used on input l
ine 111.
(pdftex.def)             Requested size: 364.19536pt x 7.19064pt.
File: beamerthemepolimi_img//logo_bandiera.png Graphic file (type png)
<use beamerthemepolimi_img//logo_bandiera.png>
Package pdftex.def Info: beamerthemepolimi_img//logo_bandiera.png  used on inpu
t line 111.
(pdftex.def)             Requested size: 124.62083pt x 7.0pt.
 [46

]
LaTeX Font Info:    Font shape `OT1/cmss/b/n' in size <9> not available
(Font)              Font shape `OT1/cmss/bx/n' tried instead on input line 125.

File: beamerthemepolimi_img//decoration.pdf Graphic file (type pdf)
<use beamerthemepolimi_img//decoration.pdf>
Package pdftex.def Info: beamerthemepolimi_img//decoration.pdf  used on input l
ine 125.
(pdftex.def)             Requested size: 364.19536pt x 7.19064pt.
File: beamerthemepolimi_img//logo_bandiera.png Graphic file (type png)
<use beamerthemepolimi_img//logo_bandiera.png>
Package pdftex.def Info: beamerthemepolimi_img//logo_bandiera.png  used on inpu
t line 125.
(pdftex.def)             Requested size: 124.62083pt x 7.0pt.
 [47

]) (./main.bbl)
File: beamerthemepolimi_img//decoration.pdf Graphic file (type pdf)
<use beamerthemepolimi_img//decoration.pdf>
Package pdftex.def Info: beamerthemepolimi_img//decoration.pdf  used on input l
ine 42.
(pdftex.def)             Requested size: 364.19536pt x 7.19064pt.
File: beamerthemepolimi_img//logo_bandiera.png Graphic file (type png)
<use beamerthemepolimi_img//logo_bandiera.png>
Package pdftex.def Info: beamerthemepolimi_img//logo_bandiera.png  used on inpu
t line 42.
(pdftex.def)             Requested size: 124.62083pt x 7.0pt.
 [48

 </usr/share/texmf-dist/tex/latex/beamer/beamericonarticle.pdf>]
\tf@nav=\write6
\openout6 = `main.nav'.

\tf@toc=\write7
\openout7 = `main.toc'.

\tf@snm=\write8
\openout8 = `main.snm'.

 (./main.aux)

LaTeX Warning: There were undefined references.


LaTeX Warning: Label(s) may have changed. Rerun to get cross-references right.

Package rerunfilecheck Info: File `main.out' has not changed.
(rerunfilecheck)             Checksum: E442E33AF0A298EF31BE0E4287B7F8E8;652.
 ) 
Here is how much of TeX's memory you used:
 37148 strings out of 478994
 864268 string characters out of 5864750
 1380296 words of memory out of 5000000
 53789 multiletter control sequences out of 15000+600000
 421833 words of font info for 97 fonts, out of 8000000 for 9000
 1141 hyphenation exceptions out of 8191
 131i,18n,132p,1312b,2416s stack positions out of 5000i,500n,10000p,200000b,80000s
</usr/share/texmf-dist/fonts/type1/public/amsfonts/cm/cmex10.pfb></usr/share/
texmf-dist/fonts/type1/public/amsfonts/cm/cmmi10.pfb></usr/share/texmf-dist/fon
ts/type1/public/amsfonts/cm/cmmi6.pfb></usr/share/texmf-dist/fonts/type1/public
/amsfonts/cm/cmmi8.pfb></usr/share/texmf-dist/fonts/type1/public/amsfonts/cm/cm
mi9.pfb></usr/share/texmf-dist/fonts/type1/public/amsfonts/cm/cmss10.pfb></usr/
share/texmf-dist/fonts/type1/public/amsfonts/cm/cmss12.pfb></usr/share/texmf-di
st/fonts/type1/public/amsfonts/cm/cmss8.pfb></usr/share/texmf-dist/fonts/type1/
public/amsfonts/cm/cmss9.pfb></usr/share/texmf-dist/fonts/type1/public/amsfonts
/cm/cmssbx10.pfb></usr/share/texmf-dist/fonts/type1/public/amsfonts/cm/cmssi10.
pfb></usr/share/texmf-dist/fonts/type1/public/amsfonts/cm/cmssi12.pfb></usr/sha
re/texmf-dist/fonts/type1/public/amsfonts/cm/cmssi8.pfb></usr/share/texmf-dist/
fonts/type1/public/amsfonts/cm/cmssi9.pfb></usr/share/texmf-dist/fonts/type1/pu
blic/amsfonts/cm/cmsy10.pfb></usr/share/texmf-dist/fonts/type1/public/amsfonts/
cm/cmsy6.pfb></usr/share/texmf-dist/fonts/type1/public/amsfonts/cm/cmsy8.pfb></
usr/share/texmf-dist/fonts/type1/public/amsfonts/cm/cmsy9.pfb></usr/share/texmf
-dist/fonts/type1/public/amsfonts/cm/cmtt10.pfb></usr/share/texmf-dist/fonts/ty
pe1/public/amsfonts/cm/cmtt12.pfb></usr/share/texmf-dist/fonts/type1/public/dou
blestroke/dsrom10.pfb></usr/share/texmf-dist/fonts/type1/public/doublestroke/ds
rom8.pfb></usr/share/texmf-dist/fonts/type1/public/amsfonts/symbols/msam10.pfb>

Output written on main.pdf (48 pages, 2292154 bytes).
PDF statistics:
 1173 PDF objects out of 1200 (max. 8388607)
 721 compressed objects within 8 object streams
 105 named destinations out of 1000 (max. 500000)
 2088 words of extra memory for PDF output out of 10000 (max. 10000000)

